<?xml version="1.0" encoding="UTF-8" ?>
<testsuite errors="0" failures="0" hostname="CyberBong" name="LogarTest" skipped="0" tests="1" time="3.954" timestamp="2022-02-22T21:18:18">
  <properties>
    <property name="libs.spring-framework300.classpath" value="C:\Program Files\NetBeans-12.6\netbeans\platform\modules\org-apache-commons-logging.jar;C:\Program Files\NetBeans-12.6\netbeans\java\modules\ext\cglib-2.2.jar;C:\Program Files\NetBeans-12.6\netbeans\java\modules\ext\spring-3.0\spring-aop-3.2.18.RELEASE.jar;C:\Program Files\NetBeans-12.6\netbeans\java\modules\ext\spring-3.0\spring-aspects-3.2.18.RELEASE.jar;C:\Program Files\NetBeans-12.6\netbeans\java\modules\ext\spring-3.0\spring-beans-3.2.18.RELEASE.jar;C:\Program Files\NetBeans-12.6\netbeans\java\modules\ext\spring-3.0\spring-context-3.2.18.RELEASE.jar;C:\Program Files\NetBeans-12.6\netbeans\java\modules\ext\spring-3.0\spring-context-support-3.2.18.RELEASE.jar;C:\Program Files\NetBeans-12.6\netbeans\java\modules\ext\spring-3.0\spring-core-3.2.18.RELEASE.jar;C:\Program Files\NetBeans-12.6\netbeans\java\modules\ext\spring-3.0\spring-expression-3.2.18.RELEASE.jar;C:\Program Files\NetBeans-12.6\netbeans\java\modules\ext\spring-3.0\spring-instrument-3.2.18.RELEASE.jar;C:\Program Files\NetBeans-12.6\netbeans\java\modules\ext\spring-3.0\spring-instrument-tomcat-3.2.18.RELEASE.jar;C:\Program Files\NetBeans-12.6\netbeans\java\modules\ext\spring-3.0\spring-jdbc-3.2.18.RELEASE.jar;C:\Program Files\NetBeans-12.6\netbeans\java\modules\ext\spring-3.0\spring-jms-3.2.18.RELEASE.jar;C:\Program Files\NetBeans-12.6\netbeans\java\modules\ext\spring-3.0\spring-orm-3.2.18.RELEASE.jar;C:\Program Files\NetBeans-12.6\netbeans\java\modules\ext\spring-3.0\spring-oxm-3.2.18.RELEASE.jar;C:\Program Files\NetBeans-12.6\netbeans\java\modules\ext\spring-3.0\spring-struts-3.2.18.RELEASE.jar;C:\Program Files\NetBeans-12.6\netbeans\java\modules\ext\spring-3.0\spring-test-3.2.18.RELEASE.jar;C:\Program Files\NetBeans-12.6\netbeans\java\modules\ext\spring-3.0\spring-tx-3.2.18.RELEASE.jar;C:\Program Files\NetBeans-12.6\netbeans\java\modules\ext\spring-3.0\spring-web-3.2.18.RELEASE.jar;C:\Program Files\NetBeans-12.6\netbeans\java\modules\ext\spring-3.0\spring-webmvc-3.2.18.RELEASE.jar;C:\Program Files\NetBeans-12.6\netbeans\java\modules\ext\spring-3.0\spring-webmvc-portlet-3.2.18.RELEASE.jar" />
    <property name="javac.test.classpath" value="C:\Users\bruno\Documents\NetBeansProjects\Forum-JPA-JDBC\lib\cglib-nodep-2.2.2.jar:C:\Users\bruno\Documents\NetBeansProjects\Forum-JPA-JDBC\lib\dbunit-2.5.3.jar:C:\Users\bruno\Documents\NetBeansProjects\Forum-JPA-JDBC\lib\hamcrest-core-1.3.jar:C:\Users\bruno\Documents\NetBeansProjects\Forum-JPA-JDBC\lib\hamcrest-library-1.3.jar:C:\Users\bruno\Documents\NetBeansProjects\Forum-JPA-JDBC\lib\log4j.jar:C:\Users\bruno\Documents\NetBeansProjects\Forum-JPA-JDBC\lib\objenesis-2.1.jar:C:\Users\bruno\Documents\NetBeansProjects\Forum-JPA-JDBC\lib\postgresql-42.3.2.jar:C:\Users\bruno\Documents\NetBeansProjects\Forum-JPA-JDBC\lib\postgresql-9.4.1210.jre6.jar:C:\Users\bruno\Documents\NetBeansProjects\Forum-JPA-JDBC\lib\slf4j-log4j12-1.7.14.jar:lib\postgresql-42.3.2.jar:build/web/WEB-INF/classes:C:\Program Files\NetBeans-12.6\netbeans\platform\modules\ext\junit-4.13.2.jar:C:\Program Files\NetBeans-12.6\netbeans\platform\modules\ext\hamcrest-core-1.3.jar:C:\Users\bruno\Desktop\selenium-java-4.1.2\lib\async-http-client-2.12.3.jar:C:\Users\bruno\Desktop\selenium-java-4.1.2\lib\async-http-client-netty-utils-2.12.3.jar:C:\Users\bruno\Desktop\selenium-java-4.1.2\lib\auto-common-1.2.1.jar:C:\Users\bruno\Desktop\selenium-java-4.1.2\lib\auto-service-1.0.1.jar:C:\Users\bruno\Desktop\selenium-java-4.1.2\lib\auto-service-annotations-1.0.1.jar:C:\Users\bruno\Desktop\selenium-java-4.1.2\lib\byte-buddy-1.12.7.jar:C:\Users\bruno\Desktop\selenium-java-4.1.2\lib\checker-qual-3.12.0.jar:C:\Users\bruno\Desktop\selenium-java-4.1.2\lib\commons-exec-1.3.jar:C:\Users\bruno\Desktop\selenium-java-4.1.2\lib\error_prone_annotations-2.7.1.jar:C:\Users\bruno\Desktop\selenium-java-4.1.2\lib\failsafe-2.4.4.jar:C:\Users\bruno\Desktop\selenium-java-4.1.2\lib\failureaccess-1.0.1.jar:C:\Users\bruno\Desktop\selenium-java-4.1.2\lib\guava-31.0.1-jre.jar:C:\Users\bruno\Desktop\selenium-java-4.1.2\lib\j2objc-annotations-1.3.jar:C:\Users\bruno\Desktop\selenium-java-4.1.2\lib\jakarta.activation-1.2.2.jar:C:\Users\bruno\Desktop\selenium-java-4.1.2\lib\jcommander-1.82.jar:C:\Users\bruno\Desktop\selenium-java-4.1.2\lib\jsr305-3.0.2.jar:C:\Users\bruno\Desktop\selenium-java-4.1.2\lib\jtoml-2.0.0.jar:C:\Users\bruno\Desktop\selenium-java-4.1.2\lib\listenablefuture-9999.0-empty-to-avoid-conflict-with-guava.jar:C:\Users\bruno\Desktop\selenium-java-4.1.2\lib\netty-buffer-4.1.73.Final.jar:C:\Users\bruno\Desktop\selenium-java-4.1.2\lib\netty-codec-4.1.73.Final.jar:C:\Users\bruno\Desktop\selenium-java-4.1.2\lib\netty-codec-http-4.1.73.Final.jar:C:\Users\bruno\Desktop\selenium-java-4.1.2\lib\netty-codec-socks-4.1.73.Final.jar:C:\Users\bruno\Desktop\selenium-java-4.1.2\lib\netty-common-4.1.73.Final.jar:C:\Users\bruno\Desktop\selenium-java-4.1.2\lib\netty-handler-4.1.73.Final.jar:C:\Users\bruno\Desktop\selenium-java-4.1.2\lib\netty-handler-proxy-4.1.73.Final.jar:C:\Users\bruno\Desktop\selenium-java-4.1.2\lib\netty-reactive-streams-2.0.4.jar:C:\Users\bruno\Desktop\selenium-java-4.1.2\lib\netty-resolver-4.1.73.Final.jar:C:\Users\bruno\Desktop\selenium-java-4.1.2\lib\netty-tcnative-classes-2.0.46.Final.jar:C:\Users\bruno\Desktop\selenium-java-4.1.2\lib\netty-transport-4.1.73.Final.jar:C:\Users\bruno\Desktop\selenium-java-4.1.2\lib\netty-transport-classes-epoll-4.1.73.Final.jar:C:\Users\bruno\Desktop\selenium-java-4.1.2\lib\netty-transport-classes-kqueue-4.1.73.Final.jar:C:\Users\bruno\Desktop\selenium-java-4.1.2\lib\netty-transport-native-epoll-4.1.73.Final.jar:C:\Users\bruno\Desktop\selenium-java-4.1.2\lib\netty-transport-native-kqueue-4.1.73.Final.jar:C:\Users\bruno\Desktop\selenium-java-4.1.2\lib\netty-transport-native-unix-common-4.1.73.Final.jar:C:\Users\bruno\Desktop\selenium-java-4.1.2\lib\opentelemetry-api-1.10.1.jar:C:\Users\bruno\Desktop\selenium-java-4.1.2\lib\opentelemetry-context-1.10.1.jar:C:\Users\bruno\Desktop\selenium-java-4.1.2\lib\opentelemetry-exporter-logging-1.10.1.jar:C:\Users\bruno\Desktop\selenium-java-4.1.2\lib\opentelemetry-sdk-1.10.1.jar:C:\Users\bruno\Desktop\selenium-java-4.1.2\lib\opentelemetry-sdk-common-1.10.1.jar:C:\Users\bruno\Desktop\selenium-java-4.1.2\lib\opentelemetry-sdk-extension-autoconfigure-1.10.1-alpha.jar:C:\Users\bruno\Desktop\selenium-java-4.1.2\lib\opentelemetry-sdk-extension-autoconfigure-spi-1.10.1.jar:C:\Users\bruno\Desktop\selenium-java-4.1.2\lib\opentelemetry-sdk-logs-1.10.1-alpha.jar:C:\Users\bruno\Desktop\selenium-java-4.1.2\lib\opentelemetry-sdk-metrics-1.10.1-alpha.jar:C:\Users\bruno\Desktop\selenium-java-4.1.2\lib\opentelemetry-sdk-trace-1.10.1.jar:C:\Users\bruno\Desktop\selenium-java-4.1.2\lib\opentelemetry-semconv-1.10.1-alpha.jar:C:\Users\bruno\Desktop\selenium-java-4.1.2\lib\reactive-streams-1.0.3.jar:C:\Users\bruno\Desktop\selenium-java-4.1.2\lib\slf4j-api-1.7.35.jar:C:\Users\bruno\Desktop\selenium-java-4.1.2\selenium-api-4.1.2-sources.jar:C:\Users\bruno\Desktop\selenium-java-4.1.2\selenium-api-4.1.2.jar:C:\Users\bruno\Desktop\selenium-java-4.1.2\selenium-chrome-driver-4.1.2-sources.jar:C:\Users\bruno\Desktop\selenium-java-4.1.2\selenium-chrome-driver-4.1.2.jar:C:\Users\bruno\Desktop\selenium-java-4.1.2\selenium-chromium-driver-4.1.2-sources.jar:C:\Users\bruno\Desktop\selenium-java-4.1.2\selenium-chromium-driver-4.1.2.jar:C:\Users\bruno\Desktop\selenium-java-4.1.2\selenium-devtools-v85-4.1.2-sources.jar:C:\Users\bruno\Desktop\selenium-java-4.1.2\selenium-devtools-v85-4.1.2.jar:C:\Users\bruno\Desktop\selenium-java-4.1.2\selenium-devtools-v95-4.1.2-sources.jar:C:\Users\bruno\Desktop\selenium-java-4.1.2\selenium-devtools-v95-4.1.2.jar:C:\Users\bruno\Desktop\selenium-java-4.1.2\selenium-devtools-v96-4.1.2-sources.jar:C:\Users\bruno\Desktop\selenium-java-4.1.2\selenium-devtools-v96-4.1.2.jar:C:\Users\bruno\Desktop\selenium-java-4.1.2\selenium-devtools-v97-4.1.2-sources.jar:C:\Users\bruno\Desktop\selenium-java-4.1.2\selenium-devtools-v97-4.1.2.jar:C:\Users\bruno\Desktop\selenium-java-4.1.2\selenium-edge-driver-4.1.2-sources.jar:C:\Users\bruno\Desktop\selenium-java-4.1.2\selenium-edge-driver-4.1.2.jar:C:\Users\bruno\Desktop\selenium-java-4.1.2\selenium-firefox-driver-4.1.2-sources.jar:C:\Users\bruno\Desktop\selenium-java-4.1.2\selenium-firefox-driver-4.1.2.jar:C:\Users\bruno\Desktop\selenium-java-4.1.2\selenium-firefox-xpi-driver-4.1.2-sources.jar:C:\Users\bruno\Desktop\selenium-java-4.1.2\selenium-firefox-xpi-driver-4.1.2.jar:C:\Users\bruno\Desktop\selenium-java-4.1.2\selenium-http-4.1.2-sources.jar:C:\Users\bruno\Desktop\selenium-java-4.1.2\selenium-http-4.1.2.jar:C:\Users\bruno\Desktop\selenium-java-4.1.2\selenium-ie-driver-4.1.2-sources.jar:C:\Users\bruno\Desktop\selenium-java-4.1.2\selenium-ie-driver-4.1.2.jar:C:\Users\bruno\Desktop\selenium-java-4.1.2\selenium-java-4.1.2-sources.jar:C:\Users\bruno\Desktop\selenium-java-4.1.2\selenium-java-4.1.2.jar:C:\Users\bruno\Desktop\selenium-java-4.1.2\selenium-json-4.1.2-sources.jar:C:\Users\bruno\Desktop\selenium-java-4.1.2\selenium-json-4.1.2.jar:C:\Users\bruno\Desktop\selenium-java-4.1.2\selenium-opera-driver-4.1.2-sources.jar:C:\Users\bruno\Desktop\selenium-java-4.1.2\selenium-opera-driver-4.1.2.jar:C:\Users\bruno\Desktop\selenium-java-4.1.2\selenium-remote-driver-4.1.2-sources.jar:C:\Users\bruno\Desktop\selenium-java-4.1.2\selenium-remote-driver-4.1.2.jar:C:\Users\bruno\Desktop\selenium-java-4.1.2\selenium-safari-driver-4.1.2-sources.jar:C:\Users\bruno\Desktop\selenium-java-4.1.2\selenium-safari-driver-4.1.2.jar:C:\Users\bruno\Desktop\selenium-java-4.1.2\selenium-support-4.1.2-sources.jar:C:\Users\bruno\Desktop\selenium-java-4.1.2\selenium-support-4.1.2.jar:lib\testLib\async-http-client-2.12.3.jar:lib\testLib\async-http-client-netty-utils-2.12.3.jar:lib\testLib\auto-common-1.2.1.jar:lib\testLib\auto-service-1.0.1.jar:lib\testLib\auto-service-annotations-1.0.1.jar:lib\testLib\byte-buddy-1.12.7.jar:lib\testLib\checker-qual-3.12.0.jar:lib\testLib\commons-exec-1.3.jar:lib\testLib\error_prone_annotations-2.7.1.jar:lib\testLib\failsafe-2.4.4.jar:lib\testLib\failureaccess-1.0.1.jar:lib\testLib\guava-31.0.1-jre.jar:lib\testLib\j2objc-annotations-1.3.jar:lib\testLib\jakarta.activation-1.2.2.jar:lib\testLib\jcommander-1.82.jar:lib\testLib\jsr305-3.0.2.jar:lib\testLib\jtoml-2.0.0.jar:lib\testLib\listenablefuture-9999.0-empty-to-avoid-conflict-with-guava.jar:lib\testLib\netty-buffer-4.1.73.Final.jar:lib\testLib\netty-codec-4.1.73.Final.jar:lib\testLib\netty-codec-http-4.1.73.Final.jar:lib\testLib\netty-codec-socks-4.1.73.Final.jar:lib\testLib\netty-common-4.1.73.Final.jar:lib\testLib\netty-handler-4.1.73.Final.jar:lib\testLib\netty-handler-proxy-4.1.73.Final.jar:lib\testLib\netty-reactive-streams-2.0.4.jar:lib\testLib\netty-resolver-4.1.73.Final.jar:lib\testLib\netty-tcnative-classes-2.0.46.Final.jar:lib\testLib\netty-transport-4.1.73.Final.jar:lib\testLib\netty-transport-classes-epoll-4.1.73.Final.jar:lib\testLib\netty-transport-classes-kqueue-4.1.73.Final.jar:lib\testLib\netty-transport-native-epoll-4.1.73.Final.jar:lib\testLib\netty-transport-native-kqueue-4.1.73.Final.jar:lib\testLib\netty-transport-native-unix-common-4.1.73.Final.jar:lib\testLib\opentelemetry-api-1.10.1.jar:lib\testLib\opentelemetry-context-1.10.1.jar:lib\testLib\opentelemetry-exporter-logging-1.10.1.jar:lib\testLib\opentelemetry-sdk-1.10.1.jar:lib\testLib\opentelemetry-sdk-common-1.10.1.jar:lib\testLib\opentelemetry-sdk-extension-autoconfigure-1.10.1-alpha.jar:lib\testLib\opentelemetry-sdk-extension-autoconfigure-spi-1.10.1.jar:lib\testLib\opentelemetry-sdk-logs-1.10.1-alpha.jar:lib\testLib\opentelemetry-sdk-metrics-1.10.1-alpha.jar:lib\testLib\opentelemetry-sdk-trace-1.10.1.jar:lib\testLib\opentelemetry-semconv-1.10.1-alpha.jar:lib\testLib\reactive-streams-1.0.3.jar:lib\testLib\selenium-api-4.1.2-sources.jar:lib\testLib\selenium-api-4.1.2.jar:lib\testLib\selenium-chrome-driver-4.1.2-sources.jar:lib\testLib\selenium-chrome-driver-4.1.2.jar:lib\testLib\selenium-chromium-driver-4.1.2-sources.jar:lib\testLib\selenium-chromium-driver-4.1.2.jar:lib\testLib\selenium-devtools-v85-4.1.2-sources.jar:lib\testLib\selenium-devtools-v85-4.1.2.jar:lib\testLib\selenium-devtools-v95-4.1.2-sources.jar:lib\testLib\selenium-devtools-v95-4.1.2.jar:lib\testLib\selenium-devtools-v96-4.1.2-sources.jar:lib\testLib\selenium-devtools-v96-4.1.2.jar:lib\testLib\selenium-devtools-v97-4.1.2-sources.jar:lib\testLib\selenium-devtools-v97-4.1.2.jar:lib\testLib\selenium-edge-driver-4.1.2-sources.jar:lib\testLib\selenium-edge-driver-4.1.2.jar:lib\testLib\selenium-firefox-driver-4.1.2-sources.jar:lib\testLib\selenium-firefox-driver-4.1.2.jar:lib\testLib\selenium-firefox-xpi-driver-4.1.2-sources.jar:lib\testLib\selenium-firefox-xpi-driver-4.1.2.jar:lib\testLib\selenium-http-4.1.2-sources.jar:lib\testLib\selenium-http-4.1.2.jar:lib\testLib\selenium-ie-driver-4.1.2-sources.jar:lib\testLib\selenium-ie-driver-4.1.2.jar:lib\testLib\selenium-java-4.1.2-sources.jar:lib\testLib\selenium-java-4.1.2.jar:lib\testLib\selenium-json-4.1.2-sources.jar:lib\testLib\selenium-json-4.1.2.jar:lib\testLib\selenium-opera-driver-4.1.2-sources.jar:lib\testLib\selenium-opera-driver-4.1.2.jar:lib\testLib\selenium-remote-driver-4.1.2-sources.jar:lib\testLib\selenium-remote-driver-4.1.2.jar:lib\testLib\selenium-safari-driver-4.1.2-sources.jar:lib\testLib\selenium-safari-driver-4.1.2.jar:lib\testLib\selenium-support-4.1.2-sources.jar:lib\testLib\selenium-support-4.1.2.jar:lib\testLib\slf4j-api-1.7.35.jar" />
    <property name="java.specification.version" value="11" />
    <property name="file.reference.selenium-http-4.1.2.jar" value="C:\Users\bruno\Desktop\selenium-java-4.1.2\selenium-http-4.1.2.jar" />
    <property name="file.reference.listenablefuture-9999.0-empty-to-avoid-conflict-with-guava.jar" value="C:\Users\bruno\Desktop\selenium-java-4.1.2\lib\listenablefuture-9999.0-empty-to-avoid-conflict-with-guava.jar" />
    <property name="libs.spring-framework500.classpath" value="C:\Program Files\NetBeans-12.6\netbeans\platform\modules\org-apache-commons-logging.jar;C:\Program Files\NetBeans-12.6\netbeans\java\modules\ext\cglib-2.2.jar;C:\Program Files\NetBeans-12.6\netbeans\java\modules\ext\spring-5\spring-aop-5.2.9.RELEASE.jar;C:\Program Files\NetBeans-12.6\netbeans\java\modules\ext\spring-5\spring-aspects-5.2.9.RELEASE.jar;C:\Program Files\NetBeans-12.6\netbeans\java\modules\ext\spring-5\spring-beans-5.2.9.RELEASE.jar;C:\Program Files\NetBeans-12.6\netbeans\java\modules\ext\spring-5\spring-context-5.2.9.RELEASE.jar;C:\Program Files\NetBeans-12.6\netbeans\java\modules\ext\spring-5\spring-context-indexer-5.2.9.RELEASE.jar;C:\Program Files\NetBeans-12.6\netbeans\java\modules\ext\spring-5\spring-context-support-5.2.9.RELEASE.jar;C:\Program Files\NetBeans-12.6\netbeans\java\modules\ext\spring-5\spring-core-5.2.9.RELEASE.jar;C:\Program Files\NetBeans-12.6\netbeans\java\modules\ext\spring-5\spring-expression-5.2.9.RELEASE.jar;C:\Program Files\NetBeans-12.6\netbeans\java\modules\ext\spring-5\spring-instrument-5.2.9.RELEASE.jar;C:\Program Files\NetBeans-12.6\netbeans\java\modules\ext\spring-5\spring-jcl-5.2.9.RELEASE.jar;C:\Program Files\NetBeans-12.6\netbeans\java\modules\ext\spring-5\spring-jdbc-5.2.9.RELEASE.jar;C:\Program Files\NetBeans-12.6\netbeans\java\modules\ext\spring-5\spring-jms-5.2.9.RELEASE.jar;C:\Program Files\NetBeans-12.6\netbeans\java\modules\ext\spring-5\spring-messaging-5.2.9.RELEASE.jar;C:\Program Files\NetBeans-12.6\netbeans\java\modules\ext\spring-5\spring-orm-5.2.9.RELEASE.jar;C:\Program Files\NetBeans-12.6\netbeans\java\modules\ext\spring-5\spring-oxm-5.2.9.RELEASE.jar;C:\Program Files\NetBeans-12.6\netbeans\java\modules\ext\spring-5\spring-test-5.2.9.RELEASE.jar;C:\Program Files\NetBeans-12.6\netbeans\java\modules\ext\spring-5\spring-tx-5.2.9.RELEASE.jar;C:\Program Files\NetBeans-12.6\netbeans\java\modules\ext\spring-5\spring-web-5.2.9.RELEASE.jar;C:\Program Files\NetBeans-12.6\netbeans\java\modules\ext\spring-5\spring-webflux-5.2.9.RELEASE.jar;C:\Program Files\NetBeans-12.6\netbeans\java\modules\ext\spring-5\spring-webmvc-5.2.9.RELEASE.jar;C:\Program Files\NetBeans-12.6\netbeans\java\modules\ext\spring-5\spring-websocket-5.2.9.RELEASE.jar" />
    <property name="j2ee.server.home" value="C:/Users/bruno/GlassFish_Server/glassfish" />
    <property name="libs.Selenium.maven-pom" value="" />
    <property name="libs.spring-webmvc4.0.javadoc" value="" />
    <property name="libs.spring-framework400.classpath" value="C:\Program Files\NetBeans-12.6\netbeans\platform\modules\org-apache-commons-logging.jar;C:\Program Files\NetBeans-12.6\netbeans\java\modules\ext\cglib-2.2.jar;C:\Program Files\NetBeans-12.6\netbeans\java\modules\ext\spring-4\spring-aop-4.3.29.RELEASE.jar;C:\Program Files\NetBeans-12.6\netbeans\java\modules\ext\spring-4\spring-aspects-4.3.29.RELEASE.jar;C:\Program Files\NetBeans-12.6\netbeans\java\modules\ext\spring-4\spring-beans-4.3.29.RELEASE.jar;C:\Program Files\NetBeans-12.6\netbeans\java\modules\ext\spring-4\spring-context-4.3.29.RELEASE.jar;C:\Program Files\NetBeans-12.6\netbeans\java\modules\ext\spring-4\spring-context-support-4.3.29.RELEASE.jar;C:\Program Files\NetBeans-12.6\netbeans\java\modules\ext\spring-4\spring-core-4.3.29.RELEASE.jar;C:\Program Files\NetBeans-12.6\netbeans\java\modules\ext\spring-4\spring-expression-4.3.29.RELEASE.jar;C:\Program Files\NetBeans-12.6\netbeans\java\modules\ext\spring-4\spring-instrument-4.3.29.RELEASE.jar;C:\Program Files\NetBeans-12.6\netbeans\java\modules\ext\spring-4\spring-instrument-tomcat-4.3.29.RELEASE.jar;C:\Program Files\NetBeans-12.6\netbeans\java\modules\ext\spring-4\spring-jdbc-4.3.29.RELEASE.jar;C:\Program Files\NetBeans-12.6\netbeans\java\modules\ext\spring-4\spring-jms-4.3.29.RELEASE.jar;C:\Program Files\NetBeans-12.6\netbeans\java\modules\ext\spring-4\spring-messaging-4.3.29.RELEASE.jar;C:\Program Files\NetBeans-12.6\netbeans\java\modules\ext\spring-4\spring-orm-4.3.29.RELEASE.jar;C:\Program Files\NetBeans-12.6\netbeans\java\modules\ext\spring-4\spring-oxm-4.3.29.RELEASE.jar;C:\Program Files\NetBeans-12.6\netbeans\java\modules\ext\spring-4\spring-test-4.3.29.RELEASE.jar;C:\Program Files\NetBeans-12.6\netbeans\java\modules\ext\spring-4\spring-tx-4.3.29.RELEASE.jar;C:\Program Files\NetBeans-12.6\netbeans\java\modules\ext\spring-4\spring-web-4.3.29.RELEASE.jar;C:\Program Files\NetBeans-12.6\netbeans\java\modules\ext\spring-4\spring-webmvc-4.3.29.RELEASE.jar;C:\Program Files\NetBeans-12.6\netbeans\java\modules\ext\spring-4\spring-webmvc-portlet-4.3.29.RELEASE.jar;C:\Program Files\NetBeans-12.6\netbeans\java\modules\ext\spring-4\spring-websocket-4.3.29.RELEASE.jar" />
    <property name="file.reference.selenium-api-4.1.2-sources.jar" value="C:\Users\bruno\Desktop\selenium-java-4.1.2\selenium-api-4.1.2-sources.jar" />
    <property name="file.reference.j2objc-annotations-1.3.jar-1" value="lib\testLib\j2objc-annotations-1.3.jar" />
    <property name="test.binaryincludes" value="&lt;nothing&gt;" />
    <property name="jspc.dtds" value="/resources/dtds/" />
    <property name="debug-transport" value="dt_shmem" />
    <property name="libs.javaee-web-api-8.0.src" value="" />
    <property name="j2ee.platform.classpath" value="C:/Users/bruno/GlassFish_Server/glassfish/modules/jakarta.activation.jar:C:/Users/bruno/GlassFish_Server/glassfish/modules/jakarta.annotation-api.jar:C:/Users/bruno/GlassFish_Server/glassfish/modules/jakarta.authentication-api.jar:C:/Users/bruno/GlassFish_Server/glassfish/modules/jakarta.authorization-api.jar:C:/Users/bruno/GlassFish_Server/glassfish/modules/jakarta.batch-api.jar:C:/Users/bruno/GlassFish_Server/glassfish/modules/jakarta.ejb-api.jar:C:/Users/bruno/GlassFish_Server/glassfish/modules/jakarta.el-api.jar:C:/Users/bruno/GlassFish_Server/glassfish/modules/jakarta.el.jar:C:/Users/bruno/GlassFish_Server/glassfish/modules/jakarta.enterprise.cdi-api.jar:C:/Users/bruno/GlassFish_Server/glassfish/modules/jakarta.enterprise.concurrent-api.jar:C:/Users/bruno/GlassFish_Server/glassfish/modules/jakarta.enterprise.concurrent.jar:C:/Users/bruno/GlassFish_Server/glassfish/modules/jakarta.faces.jar:C:/Users/bruno/GlassFish_Server/glassfish/modules/jakarta.inject-api.jar:C:/Users/bruno/GlassFish_Server/glassfish/modules/jakarta.interceptor-api.jar:C:/Users/bruno/GlassFish_Server/glassfish/modules/jakarta.jms-api.jar:C:/Users/bruno/GlassFish_Server/glassfish/modules/jakarta.json.bind-api.jar:C:/Users/bruno/GlassFish_Server/glassfish/modules/jakarta.json.jar:C:/Users/bruno/GlassFish_Server/glassfish/modules/jakarta.mail.jar:C:/Users/bruno/GlassFish_Server/glassfish/modules/jakarta.mvc-api.jar:C:/Users/bruno/GlassFish_Server/glassfish/modules/jakarta.persistence-api.jar:C:/Users/bruno/GlassFish_Server/glassfish/modules/jakarta.resource-api.jar:C:/Users/bruno/GlassFish_Server/glassfish/modules/jakarta.security.enterprise-api.jar:C:/Users/bruno/GlassFish_Server/glassfish/modules/jakarta.security.enterprise.jar:C:/Users/bruno/GlassFish_Server/glassfish/modules/jakarta.servlet-api.jar:C:/Users/bruno/GlassFish_Server/glassfish/modules/jakarta.servlet.jsp-api.jar:C:/Users/bruno/GlassFish_Server/glassfish/modules/jakarta.servlet.jsp.jstl-api.jar:C:/Users/bruno/GlassFish_Server/glassfish/modules/jakarta.servlet.jsp.jstl.jar:C:/Users/bruno/GlassFish_Server/glassfish/modules/jakarta.transaction-api.jar:C:/Users/bruno/GlassFish_Server/glassfish/modules/jakarta.validation-api.jar:C:/Users/bruno/GlassFish_Server/glassfish/modules/jakarta.websocket-api.jar:C:/Users/bruno/GlassFish_Server/glassfish/modules/jakarta.ws.rs-api.jar:C:/Users/bruno/GlassFish_Server/glassfish/modules/jakarta.xml.bind-api.jar:C:/Users/bruno/GlassFish_Server/glassfish/modules/jaxb-osgi.jar:C:/Users/bruno/GlassFish_Server/glassfish/modules/webservices-osgi.jar:C:/Users/bruno/GlassFish_Server/glassfish/modules/weld-osgi-bundle.jar:C:/Users/bruno/GlassFish_Server/mq/lib/jaxm-api.jar" />
    <property name="java.vendor.url" value="https://adoptium.net/" />
    <property name="file.reference.auto-service-annotations-1.0.1.jar" value="C:\Users\bruno\Desktop\selenium-java-4.1.2\lib\auto-service-annotations-1.0.1.jar" />
    <property name="libs.eclipselink.javadoc" value="C:\Program Files\NetBeans-12.6\netbeans\java\modules\ext\docs\javax.persistence-2.2.1-doc.zip" />
    <property name="libs.jsp-compilation.src" value="" />
    <property name="libs.JWSAntTasks.javadoc" value="" />
    <property name="do.war.package.with.custom.manifest" value="true" />
    <property name="sun.boot.library.path" value="C:\Program Files\Eclipse Foundation\jdk-11.0.12.7-hotspot\bin" />
    <property name="file.reference.netty-transport-native-unix-common-4.1.73.Final.jar-1" value="lib\testLib\netty-transport-native-unix-common-4.1.73.Final.jar" />
    <property name="sun.java.command" value="org.apache.tools.ant.taskdefs.optional.junit.JUnitTestRunner LogarTest skipNonTests=false filtertrace=true haltOnError=false haltOnFailure=false showoutput=true outputtoformatters=true logfailedtests=true threadid=0 logtestlistenerevents=true formatter=org.apache.tools.ant.taskdefs.optional.junit.BriefJUnitResultFormatter formatter=org.apache.tools.ant.taskdefs.optional.junit.XMLJUnitResultFormatter,C:\Users\bruno\Documents\NetBeansProjects\Forum-JPA-JDBC\build\test\results\TEST-LogarTest.xml crashfile=C:\Users\bruno\Documents\NetBeansProjects\Forum-JPA-JDBC\build\junitvmwatcher8786519350832016.properties propsfile=C:\Users\bruno\Documents\NetBeansProjects\Forum-JPA-JDBC\build\junit13822512183143435660.properties" />
    <property name="file.reference.netty-transport-classes-epoll-4.1.73.Final.jar" value="C:\Users\bruno\Desktop\selenium-java-4.1.2\lib\netty-transport-classes-epoll-4.1.73.Final.jar" />
    <property name="jdk.debug" value="release" />
    <property name="j2ee.platform.embeddableejb.classpath" value="C:/Users/bruno/GlassFish_Server/glassfish/lib/embedded/glassfish-embedded-static-shell.jar" />
    <property name="libs.spring-framework300.src" value="" />
    <property name="file.reference.j2objc-annotations-1.3.jar" value="C:\Users\bruno\Desktop\selenium-java-4.1.2\lib\j2objc-annotations-1.3.jar" />
    <property name="javadoc.use" value="true" />
    <property name="javadoc.notree" value="false" />
    <property name="j2ee.platform.wsgen.classpath" value="C:/Users/bruno/GlassFish_Server/glassfish/modules/webservices-osgi.jar:C:/Users/bruno/GlassFish_Server/glassfish/modules/webservices-api-osgi.jar:C:/Users/bruno/GlassFish_Server/glassfish/modules/jaxb-osgi.jar" />
    <property name="basedir" value="C:\Users\bruno\Documents\NetBeansProjects\Forum-JPA-JDBC" />
    <property name="forceRedeploy" value="false" />
    <property name="java.vm.specification.vendor" value="Oracle Corporation" />
    <property name="java.specification.name" value="Java Platform API Specification" />
    <property name="file.reference.log4j.jar" value="C:\Users\bruno\Documents\NetBeansProjects\Forum-JPA-JDBC\lib\log4j.jar" />
    <property name="libs.jsf20.classpath" value="C:\Program Files\NetBeans-12.6\netbeans\enterprise\modules\ext\jsf-2_2\javax.faces.jar" />
    <property name="j2ee.copy.static.files.on.save" value="true" />
    <property name="netbeans.extbrowser.manual_chrome_plugin_install" value="yes" />
    <property name="libs.spring-framework500.javadoc" value="" />
    <property name="netbeans.default_userdir_root" value="C:\Users\bruno\AppData\Roaming\NetBeans" />
    <property name="application.args.param" value="" />
    <property name="libs.jsp-compilation-syscp.src" value="" />
    <property name="j2ee.platform.wsit.classpath" value="" />
    <property name="jdk.home" value="C:\Program Files\Eclipse Foundation\jdk-11.0.12.7-hotspot" />
    <property name="java.runtime.version" value="11.0.12+7" />
    <property name="libs.eclipselink.maven-pom" value="" />
    <property name="libs.metro.maven-pom" value="" />
    <property name="libs.JAXB-ENDORSED.javadoc" value="" />
    <property name="file.reference.opentelemetry-sdk-common-1.10.1.jar-1" value="lib\testLib\opentelemetry-sdk-common-1.10.1.jar" />
    <property name="sun.java2d.noddraw" value="true" />
    <property name="sun.zip.disableMemoryMapping" value="true" />
    <property name="guice.disable.misplaced.annotation.check" value="true" />
    <property name="file.reference.selenium-devtools-v95-4.1.2-sources.jar-1" value="lib\testLib\selenium-devtools-v95-4.1.2-sources.jar" />
    <property name="jnidispatch.path" value="C:\Users\bruno\AppData\Local\Temp\jna-94017190\jna15855105431700991189.dll" />
    <property name="libs.primefaces.javadoc" value="" />
    <property name="libs.jsf12.src" value="" />
    <property name="libs.jsp-compilation.javadoc" value="" />
    <property name="libs.groovy-all.maven-pom" value="" />
    <property name="file.reference.hamcrest-library-1.3.jar" value="C:\Users\bruno\Documents\NetBeansProjects\Forum-JPA-JDBC\lib\hamcrest-library-1.3.jar" />
    <property name="java.vendor.version" value="Temurin-11.0.12+7" />
    <property name="libs.restapi.src" value="" />
    <property name="libs.junit_5.javadoc" value="C:\Program Files\NetBeans-12.6\netbeans\platform\docs\junit-jupiter-api-5.6.0-javadoc.jar;C:\Program Files\NetBeans-12.6\netbeans\platform\docs\junit-jupiter-params-5.6.0-javadoc.jar;C:\Program Files\NetBeans-12.6\netbeans\platform\docs\junit-jupiter-engine-5.6.0-javadoc.jar" />
    <property name="file.reference.selenium-chromium-driver-4.1.2-sources.jar" value="C:\Users\bruno\Desktop\selenium-java-4.1.2\selenium-chromium-driver-4.1.2-sources.jar" />
    <property name="dist.archive.excludes" value="" />
    <property name="java.io.tmpdir" value="C:\Users\bruno\AppData\Local\Temp\" />
    <property name="file.reference.selenium-opera-driver-4.1.2.jar-1" value="lib\testLib\selenium-opera-driver-4.1.2.jar" />
    <property name="ant.file.type.Forum-JPA-JDBC" value="file" />
    <property name="java.version" value="11.0.12" />
    <property name="file.reference.netty-transport-classes-kqueue-4.1.73.Final.jar" value="C:\Users\bruno\Desktop\selenium-java-4.1.2\lib\netty-transport-classes-kqueue-4.1.73.Final.jar" />
    <property name="dist.ear.war" value="dist/Forum-JPA-JDBC.war" />
    <property name="libs.jakartaee-api-8.0.javadoc" value="C:\Program Files\NetBeans-12.6\netbeans\enterprise\docs\jakartaee8-doc-api.jar" />
    <property name="java.vm.specification.name" value="Java Virtual Machine Specification" />
    <property name="lib.dir" value="web/WEB-INF/lib" />
    <property name="file.reference.selenium-chrome-driver-4.1.2-sources.jar-1" value="lib\testLib\selenium-chrome-driver-4.1.2-sources.jar" />
    <property name="file.reference.slf4j-log4j12-1.7.14.jar" value="C:\Users\bruno\Documents\NetBeansProjects\Forum-JPA-JDBC\lib\slf4j-log4j12-1.7.14.jar" />
    <property name="libs.hamcrest.src" value="" />
    <property name="java.library.path" value="C:\Program Files\Eclipse Foundation\jdk-11.0.12.7-hotspot\bin;C:\Windows\Sun\Java\bin;C:\Windows\system32;C:\Windows;C:\Python310\Scripts\;C:\Python310\;C:\Program Files\Common Files\Oracle\Java\javapath;C:\Program Files\Eclipse Foundation\jdk-11.0.12.7-hotspot\bin;C:\Windows\system32;C:\Windows;C:\Windows\System32\Wbem;C:\Windows\System32\WindowsPowerShell\v1.0\;C:\Windows\System32\OpenSSH\;C:\Program Files\Git\cmd;C:\Program Files\nodejs\;C:\ProgramData\chocolatey\bin;;C:\Program Files\Docker\Docker\resources\bin;C:\ProgramData\DockerDesktop\version-bin;C:\Program Files\MySQL\MySQL Shell 8.0\bin\;C:\Program Files\Eclipse Foundation\jdk-11.0.12.7-hotspot;C:\Program Files\Eclipse Foundation\jdk-11.0.12.7-hotspot\bin;&quot;:;C:\maven-3.8.2\bin&quot;;;C:\Users\bruno\AppData\Local\Programs\Microsoft VS Code\bin;C:\Users\bruno\AppData\Roaming\npm;." />
    <property name="java.vendor" value="Eclipse Foundation" />
    <property name="libs.groovy-all.src" value="" />
    <property name="libs.testng.javadoc" value="C:\Program Files\NetBeans-12.6\netbeans\platform\docs\testng-6.13.1-javadoc.jar" />
    <property name="libs.testng.maven-pom" value="" />
    <property name="org.openide.version" value="deprecated" />
    <property name="file.reference.selenium-remote-driver-4.1.2.jar" value="C:\Users\bruno\Desktop\selenium-java-4.1.2\selenium-remote-driver-4.1.2.jar" />
    <property name="libs.JAVADB_DRIVER_LABEL.src" value="" />
    <property name="file.reference.selenium-safari-driver-4.1.2.jar" value="C:\Users\bruno\Desktop\selenium-java-4.1.2\selenium-safari-driver-4.1.2.jar" />
    <property name="libs.jaxb.src" value="" />
    <property name="sun.awt.enableExtraMouseButtons" value="true" />
    <property name="test.src.dir" value="test" />
    <property name="org.openide.major.version" value="IDE/1" />
    <property name="file.reference.selenium-safari-driver-4.1.2-sources.jar" value="C:\Users\bruno\Desktop\selenium-java-4.1.2\selenium-safari-driver-4.1.2-sources.jar" />
    <property name="file.reference.opentelemetry-sdk-extension-autoconfigure-1.10.1-alpha.jar-1" value="lib\testLib\opentelemetry-sdk-extension-autoconfigure-1.10.1-alpha.jar" />
    <property name="libs.spring-framework300.javadoc" value="" />
    <property name="file.reference.selenium-support-4.1.2.jar" value="C:\Users\bruno\Desktop\selenium-java-4.1.2\selenium-support-4.1.2.jar" />
    <property name="build.web.excludes" value="**/*.java,**/*.form" />
    <property name="ap.proc.none.internal" value="" />
    <property name="org.openide.specification.version" value="6.2" />
    <property name="user.timezone" value="" />
    <property name="file.reference.netty-codec-socks-4.1.73.Final.jar-1" value="lib\testLib\netty-codec-socks-4.1.73.Final.jar" />
    <property name="file.reference.opentelemetry-sdk-metrics-1.10.1-alpha.jar-1" value="lib\testLib\opentelemetry-sdk-metrics-1.10.1-alpha.jar" />
    <property name="libs.jpa20-persistence.classpath" value="C:\Program Files\NetBeans-12.6\netbeans\java\modules\ext\eclipselink\javax.persistence-2.2.1.jar" />
    <property name="java.vm.specification.version" value="11" />
    <property name="libs.junit_5.classpath" value="C:\Program Files\NetBeans-12.6\netbeans\platform\modules\ext\junit-jupiter-api-5.6.0.jar;C:\Program Files\NetBeans-12.6\netbeans\platform\modules\ext\junit-jupiter-params-5.6.0.jar;C:\Program Files\NetBeans-12.6\netbeans\platform\modules\ext\junit-jupiter-engine-5.6.0.jar" />
    <property name="libs.eclipselinkmodelgen.javadoc" value="" />
    <property name="javadoc.noindex" value="false" />
    <property name="javadoc.private" value="false" />
    <property name="libs.spring-webmvc4.0.maven-pom" value="" />
    <property name="file.reference.selenium-devtools-v85-4.1.2-sources.jar-1" value="lib\testLib\selenium-devtools-v85-4.1.2-sources.jar" />
    <property name="libs.JAXB-ENDORSED.maven-pom" value="" />
    <property name="file.reference.byte-buddy-1.12.7.jar-1" value="lib\testLib\byte-buddy-1.12.7.jar" />
    <property name="user.home" value="C:\Users\bruno" />
    <property name="file.reference.netty-buffer-4.1.73.Final.jar-1" value="lib\testLib\netty-buffer-4.1.73.Final.jar" />
    <property name="libs.eclipselinkmodelgen.maven-pom" value="" />
    <property name="file.reference.selenium-api-4.1.2.jar-1" value="lib\testLib\selenium-api-4.1.2.jar" />
    <property name="have.sources" value="true" />
    <property name="annotation.processing.processors.list" value="" />
    <property name="libs.Selenium.src" value="C:\Users\bruno\Desktop\selenium-java-4.1.2\lib\async-http-client-2.12.3.jar;C:\Users\bruno\Desktop\selenium-java-4.1.2\lib\async-http-client-netty-utils-2.12.3.jar;C:\Users\bruno\Desktop\selenium-java-4.1.2\lib\auto-common-1.2.1.jar;C:\Users\bruno\Desktop\selenium-java-4.1.2\lib\auto-service-1.0.1.jar;C:\Users\bruno\Desktop\selenium-java-4.1.2\lib\auto-service-annotations-1.0.1.jar;C:\Users\bruno\Desktop\selenium-java-4.1.2\lib\byte-buddy-1.12.7.jar;C:\Users\bruno\Desktop\selenium-java-4.1.2\lib\checker-qual-3.12.0.jar;C:\Users\bruno\Desktop\selenium-java-4.1.2\lib\commons-exec-1.3.jar;C:\Users\bruno\Desktop\selenium-java-4.1.2\lib\error_prone_annotations-2.7.1.jar;C:\Users\bruno\Desktop\selenium-java-4.1.2\lib\failsafe-2.4.4.jar;C:\Users\bruno\Desktop\selenium-java-4.1.2\lib\failureaccess-1.0.1.jar;C:\Users\bruno\Desktop\selenium-java-4.1.2\lib\guava-31.0.1-jre.jar;C:\Users\bruno\Desktop\selenium-java-4.1.2\lib\j2objc-annotations-1.3.jar;C:\Users\bruno\Desktop\selenium-java-4.1.2\lib\jakarta.activation-1.2.2.jar;C:\Users\bruno\Desktop\selenium-java-4.1.2\lib\jcommander-1.82.jar;C:\Users\bruno\Desktop\selenium-java-4.1.2\lib\jsr305-3.0.2.jar;C:\Users\bruno\Desktop\selenium-java-4.1.2\lib\jtoml-2.0.0.jar;C:\Users\bruno\Desktop\selenium-java-4.1.2\lib\listenablefuture-9999.0-empty-to-avoid-conflict-with-guava.jar;C:\Users\bruno\Desktop\selenium-java-4.1.2\lib\netty-buffer-4.1.73.Final.jar;C:\Users\bruno\Desktop\selenium-java-4.1.2\lib\netty-codec-4.1.73.Final.jar;C:\Users\bruno\Desktop\selenium-java-4.1.2\lib\netty-codec-http-4.1.73.Final.jar;C:\Users\bruno\Desktop\selenium-java-4.1.2\lib\netty-codec-socks-4.1.73.Final.jar;C:\Users\bruno\Desktop\selenium-java-4.1.2\lib\netty-common-4.1.73.Final.jar;C:\Users\bruno\Desktop\selenium-java-4.1.2\lib\netty-handler-4.1.73.Final.jar;C:\Users\bruno\Desktop\selenium-java-4.1.2\lib\netty-handler-proxy-4.1.73.Final.jar;C:\Users\bruno\Desktop\selenium-java-4.1.2\lib\netty-reactive-streams-2.0.4.jar;C:\Users\bruno\Desktop\selenium-java-4.1.2\lib\netty-resolver-4.1.73.Final.jar;C:\Users\bruno\Desktop\selenium-java-4.1.2\lib\netty-tcnative-classes-2.0.46.Final.jar;C:\Users\bruno\Desktop\selenium-java-4.1.2\lib\netty-transport-4.1.73.Final.jar;C:\Users\bruno\Desktop\selenium-java-4.1.2\lib\netty-transport-classes-epoll-4.1.73.Final.jar;C:\Users\bruno\Desktop\selenium-java-4.1.2\lib\netty-transport-classes-kqueue-4.1.73.Final.jar;C:\Users\bruno\Desktop\selenium-java-4.1.2\lib\netty-transport-native-epoll-4.1.73.Final.jar;C:\Users\bruno\Desktop\selenium-java-4.1.2\lib\netty-transport-native-kqueue-4.1.73.Final.jar;C:\Users\bruno\Desktop\selenium-java-4.1.2\lib\netty-transport-native-unix-common-4.1.73.Final.jar;C:\Users\bruno\Desktop\selenium-java-4.1.2\lib\opentelemetry-api-1.10.1.jar;C:\Users\bruno\Desktop\selenium-java-4.1.2\lib\opentelemetry-context-1.10.1.jar;C:\Users\bruno\Desktop\selenium-java-4.1.2\lib\opentelemetry-exporter-logging-1.10.1.jar;C:\Users\bruno\Desktop\selenium-java-4.1.2\lib\opentelemetry-sdk-1.10.1.jar;C:\Users\bruno\Desktop\selenium-java-4.1.2\lib\opentelemetry-sdk-common-1.10.1.jar;C:\Users\bruno\Desktop\selenium-java-4.1.2\lib\opentelemetry-sdk-extension-autoconfigure-1.10.1-alpha.jar;C:\Users\bruno\Desktop\selenium-java-4.1.2\lib\opentelemetry-sdk-extension-autoconfigure-spi-1.10.1.jar;C:\Users\bruno\Desktop\selenium-java-4.1.2\lib\opentelemetry-sdk-logs-1.10.1-alpha.jar;C:\Users\bruno\Desktop\selenium-java-4.1.2\lib\opentelemetry-sdk-metrics-1.10.1-alpha.jar;C:\Users\bruno\Desktop\selenium-java-4.1.2\lib\opentelemetry-sdk-trace-1.10.1.jar;C:\Users\bruno\Desktop\selenium-java-4.1.2\lib\opentelemetry-semconv-1.10.1-alpha.jar;C:\Users\bruno\Desktop\selenium-java-4.1.2\lib\reactive-streams-1.0.3.jar;C:\Users\bruno\Desktop\selenium-java-4.1.2\lib\slf4j-api-1.7.35.jar;C:\Users\bruno\Desktop\selenium-java-4.1.2\selenium-api-4.1.2-sources.jar;C:\Users\bruno\Desktop\selenium-java-4.1.2\selenium-api-4.1.2.jar;C:\Users\bruno\Desktop\selenium-java-4.1.2\selenium-chrome-driver-4.1.2-sources.jar;C:\Users\bruno\Desktop\selenium-java-4.1.2\selenium-chrome-driver-4.1.2.jar;C:\Users\bruno\Desktop\selenium-java-4.1.2\selenium-chromium-driver-4.1.2-sources.jar;C:\Users\bruno\Desktop\selenium-java-4.1.2\selenium-chromium-driver-4.1.2.jar;C:\Users\bruno\Desktop\selenium-java-4.1.2\selenium-devtools-v85-4.1.2-sources.jar;C:\Users\bruno\Desktop\selenium-java-4.1.2\selenium-devtools-v85-4.1.2.jar;C:\Users\bruno\Desktop\selenium-java-4.1.2\selenium-devtools-v95-4.1.2-sources.jar;C:\Users\bruno\Desktop\selenium-java-4.1.2\selenium-devtools-v95-4.1.2.jar;C:\Users\bruno\Desktop\selenium-java-4.1.2\selenium-devtools-v96-4.1.2-sources.jar;C:\Users\bruno\Desktop\selenium-java-4.1.2\selenium-devtools-v96-4.1.2.jar;C:\Users\bruno\Desktop\selenium-java-4.1.2\selenium-devtools-v97-4.1.2-sources.jar;C:\Users\bruno\Desktop\selenium-java-4.1.2\selenium-devtools-v97-4.1.2.jar;C:\Users\bruno\Desktop\selenium-java-4.1.2\selenium-edge-driver-4.1.2-sources.jar;C:\Users\bruno\Desktop\selenium-java-4.1.2\selenium-edge-driver-4.1.2.jar;C:\Users\bruno\Desktop\selenium-java-4.1.2\selenium-firefox-driver-4.1.2-sources.jar;C:\Users\bruno\Desktop\selenium-java-4.1.2\selenium-firefox-driver-4.1.2.jar;C:\Users\bruno\Desktop\selenium-java-4.1.2\selenium-firefox-xpi-driver-4.1.2-sources.jar;C:\Users\bruno\Desktop\selenium-java-4.1.2\selenium-firefox-xpi-driver-4.1.2.jar;C:\Users\bruno\Desktop\selenium-java-4.1.2\selenium-http-4.1.2-sources.jar;C:\Users\bruno\Desktop\selenium-java-4.1.2\selenium-http-4.1.2.jar;C:\Users\bruno\Desktop\selenium-java-4.1.2\selenium-ie-driver-4.1.2-sources.jar;C:\Users\bruno\Desktop\selenium-java-4.1.2\selenium-ie-driver-4.1.2.jar;C:\Users\bruno\Desktop\selenium-java-4.1.2\selenium-java-4.1.2-sources.jar;C:\Users\bruno\Desktop\selenium-java-4.1.2\selenium-java-4.1.2.jar;C:\Users\bruno\Desktop\selenium-java-4.1.2\selenium-json-4.1.2-sources.jar;C:\Users\bruno\Desktop\selenium-java-4.1.2\selenium-json-4.1.2.jar;C:\Users\bruno\Desktop\selenium-java-4.1.2\selenium-opera-driver-4.1.2-sources.jar;C:\Users\bruno\Desktop\selenium-java-4.1.2\selenium-opera-driver-4.1.2.jar;C:\Users\bruno\Desktop\selenium-java-4.1.2\selenium-remote-driver-4.1.2-sources.jar;C:\Users\bruno\Desktop\selenium-java-4.1.2\selenium-remote-driver-4.1.2.jar;C:\Users\bruno\Desktop\selenium-java-4.1.2\selenium-safari-driver-4.1.2-sources.jar;C:\Users\bruno\Desktop\selenium-java-4.1.2\selenium-safari-driver-4.1.2.jar;C:\Users\bruno\Desktop\selenium-java-4.1.2\selenium-support-4.1.2-sources.jar;C:\Users\bruno\Desktop\selenium-java-4.1.2\selenium-support-4.1.2.jar" />
    <property name="javac.deprecation" value="false" />
    <property name="file.reference.selenium-opera-driver-4.1.2.jar" value="C:\Users\bruno\Desktop\selenium-java-4.1.2\selenium-opera-driver-4.1.2.jar" />
    <property name="file.reference.opentelemetry-sdk-trace-1.10.1.jar" value="C:\Users\bruno\Desktop\selenium-java-4.1.2\lib\opentelemetry-sdk-trace-1.10.1.jar" />
    <property name="file.reference.selenium-firefox-xpi-driver-4.1.2-sources.jar-1" value="lib\testLib\selenium-firefox-xpi-driver-4.1.2-sources.jar" />
    <property name="build.generated.sources.dir" value="build/generated-sources" />
    <property name="file.reference.selenium-edge-driver-4.1.2.jar-1" value="lib\testLib\selenium-edge-driver-4.1.2.jar" />
    <property name="plugin.manager.check.updates" value="false" />
    <property name="j2ee.server.domain" value="C:/Users/bruno/GlassFish_Server/glassfish/domains/domain1" />
    <property name="netbeans.autoupdate.language" value="pt" />
    <property name="build.compiler.emacs" value="true" />
    <property name="libs.eclipselinkmodelgen.src" value="" />
    <property name="build.classes.excludes" value="**/*.java,**/*.form" />
    <property name="libs.jakartaee-web-api-9.0.classpath" value="C:\Program Files\NetBeans-12.6\netbeans\enterprise\modules\ext\jakarta.jakartaee-web-api-9.0.0.jar" />
    <property name="file.reference.selenium-remote-driver-4.1.2-sources.jar" value="C:\Users\bruno\Desktop\selenium-java-4.1.2\selenium-remote-driver-4.1.2-sources.jar" />
    <property name="libs.spring-webmvc4.0.classpath" value="C:\Program Files\NetBeans-12.6\netbeans\java\modules\ext\spring-4\spring-webmvc-4.3.29.RELEASE.jar" />
    <property name="libs.javaee-endorsed-api-7.0.javadoc" value="C:\Program Files\NetBeans-12.6\netbeans\enterprise\docs\javaee-doc-api.jar" />
    <property name="os.version" value="10.0" />
    <property name="file.reference.netty-handler-4.1.73.Final.jar" value="C:\Users\bruno\Desktop\selenium-java-4.1.2\lib\netty-handler-4.1.73.Final.jar" />
    <property name="netbeans.home" value="C:\Program Files\NetBeans-12.6\netbeans\platform" />
    <property name="j2ee.server.middleware" value="C:/Users/bruno/GlassFish_Server" />
    <property name="libs.CopyLibs.javadoc" value="" />
    <property name="debug-transport-by-os" value="dt_shmem" />
    <property name="libs.jsf20.src" value="" />
    <property name="file.reference.opentelemetry-sdk-logs-1.10.1-alpha.jar" value="C:\Users\bruno\Desktop\selenium-java-4.1.2\lib\opentelemetry-sdk-logs-1.10.1-alpha.jar" />
    <property name="libs.javaee-api-8.0.javadoc" value="C:\Program Files\NetBeans-12.6\netbeans\enterprise\docs\javaee-doc-api.jar" />
    <property name="file.reference.netty-transport-native-kqueue-4.1.73.Final.jar-1" value="lib\testLib\netty-transport-native-kqueue-4.1.73.Final.jar" />
    <property name="file.reference.netty-transport-4.1.73.Final.jar-1" value="lib\testLib\netty-transport-4.1.73.Final.jar" />
    <property name="file.reference.selenium-http-4.1.2-sources.jar" value="C:\Users\bruno\Desktop\selenium-java-4.1.2\selenium-http-4.1.2-sources.jar" />
    <property name="java.vm.name" value="OpenJDK 64-Bit Server VM" />
    <property name="libs.jstl.javadoc" value="C:\Program Files\NetBeans-12.6\netbeans\enterprise\docs\javaee-doc-api.jar" />
    <property name="libs.javaee-endorsed-api-7.0.maven-pom" value="" />
    <property name="file.reference.netty-transport-native-unix-common-4.1.73.Final.jar" value="C:\Users\bruno\Desktop\selenium-java-4.1.2\lib\netty-transport-native-unix-common-4.1.73.Final.jar" />
    <property name="file.reference.selenium-http-4.1.2.jar-1" value="lib\testLib\selenium-http-4.1.2.jar" />
    <property name="libs.jaxws21.classpath" value="C:\Program Files\NetBeans-12.6\netbeans\ide\modules\ext\jaxb\jaxb-impl.jar;C:\Program Files\NetBeans-12.6\netbeans\ide\modules\ext\jaxb\jaxb-xjc.jar;C:\Program Files\NetBeans-12.6\netbeans\java\modules\ext\jaxws22\FastInfoset.jar;C:\Program Files\NetBeans-12.6\netbeans\java\modules\ext\jaxws22\gmbal-api-only.jar;C:\Program Files\NetBeans-12.6\netbeans\java\modules\ext\jaxws22\ha-api.jar;C:\Program Files\NetBeans-12.6\netbeans\java\modules\ext\jaxws22\javax.mail_1.4.jar;C:\Program Files\NetBeans-12.6\netbeans\java\modules\ext\jaxws22\jaxws-rt.jar;C:\Program Files\NetBeans-12.6\netbeans\java\modules\ext\jaxws22\jaxws-tools.jar;C:\Program Files\NetBeans-12.6\netbeans\java\modules\ext\jaxws22\management-api.jar;C:\Program Files\NetBeans-12.6\netbeans\java\modules\ext\jaxws22\mimepull.jar;C:\Program Files\NetBeans-12.6\netbeans\java\modules\ext\jaxws22\policy.jar;C:\Program Files\NetBeans-12.6\netbeans\java\modules\ext\jaxws22\saaj-impl.jar;C:\Program Files\NetBeans-12.6\netbeans\java\modules\ext\jaxws22\stax-ex.jar;C:\Program Files\NetBeans-12.6\netbeans\java\modules\ext\jaxws22\stax2-api.jar;C:\Program Files\NetBeans-12.6\netbeans\java\modules\ext\jaxws22\streambuffer.jar;C:\Program Files\NetBeans-12.6\netbeans\java\modules\ext\jaxws22\woodstox-core-asl.jar;C:\Program Files\NetBeans-12.6\netbeans\java\modules\ext\jaxws22\api\jaxws-api.jar;C:\Program Files\NetBeans-12.6\netbeans\java\modules\ext\jaxws22\api\jsr181-api.jar;C:\Program Files\NetBeans-12.6\netbeans\java\modules\ext\jaxws22\api\javax.annotation.jar;C:\Program Files\NetBeans-12.6\netbeans\java\modules\ext\jaxws22\api\saaj-api.jar;C:\Program Files\NetBeans-12.6\netbeans\ide\modules\ext\jaxb\activation.jar;C:\Program Files\NetBeans-12.6\netbeans\ide\modules\ext\jaxb\api\jaxb-api.jar" />
    <property name="file.reference.failsafe-2.4.4.jar" value="C:\Users\bruno\Desktop\selenium-java-4.1.2\lib\failsafe-2.4.4.jar" />
    <property name="libs.restapi.classpath" value="C:\Program Files\NetBeans-12.6\netbeans\enterprise\modules\ext\jaxrs-2.1\jakarta.ws.rs-api-2.1.6.jar" />
    <property name="os.arch" value="amd64" />
    <property name="build.generated.dir" value="build/generated" />
    <property name="file.reference.selenium-safari-driver-4.1.2.jar-1" value="lib\testLib\selenium-safari-driver-4.1.2.jar" />
    <property name="file.reference.postgresql-42.3.2.jar" value="C:\Users\bruno\Documents\NetBeansProjects\Forum-JPA-JDBC\lib\postgresql-42.3.2.jar" />
    <property name="libs.groovy-all.javadoc" value="" />
    <property name="libs.jakartaee-api-8.0.classpath" value="C:\Program Files\NetBeans-12.6\netbeans\enterprise\modules\ext\jakarta.jakartaee-api-8.0.0.jar" />
    <property name="file.reference.selenium-chrome-driver-4.1.2-sources.jar" value="C:\Users\bruno\Desktop\selenium-java-4.1.2\selenium-chrome-driver-4.1.2-sources.jar" />
    <property name="libs.javaee-web-api-7.0.javadoc" value="C:\Program Files\NetBeans-12.6\netbeans\enterprise\docs\javaee-doc-api.jar" />
    <property name="file.reference.jcommander-1.82.jar" value="C:\Users\bruno\Desktop\selenium-java-4.1.2\lib\jcommander-1.82.jar" />
    <property name="file.reference.listenablefuture-9999.0-empty-to-avoid-conflict-with-guava.jar-1" value="lib\testLib\listenablefuture-9999.0-empty-to-avoid-conflict-with-guava.jar" />
    <property name="libs.javaee-endorsed-api-6.0.src" value="" />
    <property name="libs.jsf12.maven-pom" value="" />
    <property name="libs.javaee-endorsed-api-7.0.classpath" value="C:\Program Files\NetBeans-12.6\netbeans\enterprise\modules\ext\javaee7-endorsed\javax.annotation-api.jar;C:\Program Files\NetBeans-12.6\netbeans\enterprise\modules\ext\javaee7-endorsed\javax.xml.soap-api.jar;C:\Program Files\NetBeans-12.6\netbeans\enterprise\modules\ext\javaee7-endorsed\jaxb-api-osgi.jar;C:\Program Files\NetBeans-12.6\netbeans\enterprise\modules\ext\javaee7-endorsed\jaxws-api.jar;C:\Program Files\NetBeans-12.6\netbeans\enterprise\modules\ext\javaee7-endorsed\jsr181-api.jar" />
    <property name="file.reference.opentelemetry-api-1.10.1.jar" value="C:\Users\bruno\Desktop\selenium-java-4.1.2\lib\opentelemetry-api-1.10.1.jar" />
    <property name="org.netbeans.io.suspend" value="0" />
    <property name="libs.primefaces.maven-pom" value="" />
    <property name="awt.toolkit" value="sun.awt.windows.WToolkit" />
    <property name="file.reference.netty-tcnative-classes-2.0.46.Final.jar" value="C:\Users\bruno\Desktop\selenium-java-4.1.2\lib\netty-tcnative-classes-2.0.46.Final.jar" />
    <property name="directory.deployment.supported" value="true" />
    <property name="ant.project.name" value="Forum-JPA-JDBC" />
    <property name="dist.javadoc.dir" value="dist/javadoc" />
    <property name="default.javac.target" value="11" />
    <property name="javac.fork" value="false" />
    <property name="libs.eclipselink.classpath" value="C:\Program Files\NetBeans-12.6\netbeans\java\modules\ext\eclipselink\org.eclipse.persistence.core-2.7.9.jar;C:\Program Files\NetBeans-12.6\netbeans\java\modules\ext\eclipselink\org.eclipse.persistence.asm-9.1.0.jar;C:\Program Files\NetBeans-12.6\netbeans\java\modules\ext\eclipselink\org.eclipse.persistence.antlr-2.7.9.jar;C:\Program Files\NetBeans-12.6\netbeans\java\modules\ext\eclipselink\org.eclipse.persistence.jpa-2.7.9.jar;C:\Program Files\NetBeans-12.6\netbeans\java\modules\ext\eclipselink\org.eclipse.persistence.jpa.jpql-2.7.9.jar;C:\Program Files\NetBeans-12.6\netbeans\java\modules\ext\eclipselink\org.eclipse.persistence.moxy-2.7.9.jar;C:\Program Files\NetBeans-12.6\netbeans\java\modules\ext\eclipselink\javax.persistence-2.2.1.jar" />
    <property name="libs.Comet-GlassFish-v3.classpath" value="" />
    <property name="selected.browser" value="Chrome" />
    <property name="file.reference.netty-buffer-4.1.73.Final.jar" value="C:\Users\bruno\Desktop\selenium-java-4.1.2\lib\netty-buffer-4.1.73.Final.jar" />
    <property name="file.reference.reactive-streams-1.0.3.jar-1" value="lib\testLib\reactive-streams-1.0.3.jar" />
    <property name="file.reference.cglib-nodep-2.2.2.jar" value="C:\Users\bruno\Documents\NetBeansProjects\Forum-JPA-JDBC\lib\cglib-nodep-2.2.2.jar" />
    <property name="libs.Comet-GlassFish-v3.javadoc" value="" />
    <property name="libs.EclipseLink-GlassFish-v3.src" value="" />
    <property name="libs.struts.classpath" value="C:\Program Files\NetBeans-12.6\netbeans\enterprise\modules\ext\struts\antlr-2.7.2.jar;C:\Program Files\NetBeans-12.6\netbeans\enterprise\modules\ext\struts\bsf-2.3.0.jar;C:\Program Files\NetBeans-12.6\netbeans\enterprise\modules\ext\struts\commons-beanutils-1.8.0.jar;C:\Program Files\NetBeans-12.6\netbeans\enterprise\modules\ext\struts\commons-chain-1.2.jar;C:\Program Files\NetBeans-12.6\netbeans\enterprise\modules\ext\struts\commons-digester-1.8.jar;C:\Program Files\NetBeans-12.6\netbeans\enterprise\modules\ext\struts\commons-fileupload-1.1.1.jar;C:\Program Files\NetBeans-12.6\netbeans\enterprise\modules\ext\struts\commons-io-1.1.jar;C:\Program Files\NetBeans-12.6\netbeans\enterprise\modules\ext\struts\commons-logging-1.0.4.jar;C:\Program Files\NetBeans-12.6\netbeans\enterprise\modules\ext\struts\commons-validator-1.3.1.jar;C:\Program Files\NetBeans-12.6\netbeans\enterprise\modules\ext\struts\jstl-1.0.2.jar;C:\Program Files\NetBeans-12.6\netbeans\enterprise\modules\ext\struts\oro-2.0.8.jar;C:\Program Files\NetBeans-12.6\netbeans\enterprise\modules\ext\struts\standard-1.0.6.jar;C:\Program Files\NetBeans-12.6\netbeans\enterprise\modules\ext\struts\struts-core-1.3.10.jar;C:\Program Files\NetBeans-12.6\netbeans\enterprise\modules\ext\struts\struts-el-1.3.10.jar;C:\Program Files\NetBeans-12.6\netbeans\enterprise\modules\ext\struts\struts-extras-1.3.10.jar;C:\Program Files\NetBeans-12.6\netbeans\enterprise\modules\ext\struts\struts-faces-1.3.10.jar;C:\Program Files\NetBeans-12.6\netbeans\enterprise\modules\ext\struts\struts-mailreader-dao-1.3.10.jar;C:\Program Files\NetBeans-12.6\netbeans\enterprise\modules\ext\struts\struts-scripting-1.3.10.jar;C:\Program Files\NetBeans-12.6\netbeans\enterprise\modules\ext\struts\struts-taglib-1.3.10.jar;C:\Program Files\NetBeans-12.6\netbeans\enterprise\modules\ext\struts\struts-tiles-1.3.10.jar" />
    <property name="libs.PostgreSQLDriver.maven-pom" value="" />
    <property name="libs.absolutelayout.src" value="" />
    <property name="file.reference.selenium-json-4.1.2-sources.jar-1" value="lib\testLib\selenium-json-4.1.2-sources.jar" />
    <property name="file.reference.slf4j-api-1.7.35.jar" value="C:\Users\bruno\Desktop\selenium-java-4.1.2\lib\slf4j-api-1.7.35.jar" />
    <property name="j2ee.server.instance" value="[C:\Users\bruno\GlassFish_Server\glassfish;C:\Users\bruno\GlassFish_Server\glassfish\domains\domain1]deployer:gfv610ee9:localhost:4848" />
    <property name="testng.mode" value="testng" />
    <property name="file.reference.jtoml-2.0.0.jar-1" value="lib\testLib\jtoml-2.0.0.jar" />
    <property name="annotation.processing.enabled.in.editor" value="true" />
    <property name="java.vm.compressedOopsMode" value="32-bit" />
    <property name="no.dependencies" value="false" />
    <property name="j2ee.compile.on.save" value="true" />
    <property name="netbeans.productversion" value="Apache NetBeans IDE 12.6" />
    <property name="file.reference.opentelemetry-context-1.10.1.jar" value="C:\Users\bruno\Desktop\selenium-java-4.1.2\lib\opentelemetry-context-1.10.1.jar" />
    <property name="file.reference.selenium-devtools-v97-4.1.2.jar-1" value="lib\testLib\selenium-devtools-v97-4.1.2.jar" />
    <property name="file.reference.opentelemetry-sdk-metrics-1.10.1-alpha.jar" value="C:\Users\bruno\Desktop\selenium-java-4.1.2\lib\opentelemetry-sdk-metrics-1.10.1-alpha.jar" />
    <property name="libs.javaee-web-api-6.0.javadoc" value="C:\Program Files\NetBeans-12.6\netbeans\enterprise\docs\javaee-doc-api.jar" />
    <property name="file.reference.selenium-firefox-driver-4.1.2.jar-1" value="lib\testLib\selenium-firefox-driver-4.1.2.jar" />
    <property name="file.reference.netty-tcnative-classes-2.0.46.Final.jar-1" value="lib\testLib\netty-tcnative-classes-2.0.46.Final.jar" />
    <property name="libs.javaee-api-7.0.maven-pom" value="" />
    <property name="libs.groovy-all.classpath" value="C:\Program Files\NetBeans-12.6\netbeans\groovy\modules\ext\groovy-3.0.8.jar;C:\Program Files\NetBeans-12.6\netbeans\groovy\modules\ext\groovy-ant-3.0.8.jar" />
    <property name="libs.absolutelayout.javadoc" value="" />
    <property name="file.reference.selenium-java-4.1.2-sources.jar-1" value="lib\testLib\selenium-java-4.1.2-sources.jar" />
    <property name="libs.Java-EE-GlassFish-v3-Prelude.javadoc" value="C:\Program Files\NetBeans-12.6\netbeans\enterprise\docs\javaee-doc-api.jar" />
    <property name="file.reference.selenium-java-4.1.2.jar-1" value="lib\testLib\selenium-java-4.1.2.jar" />
    <property name="libs.Java-EE-GlassFish-v3-Prelude.maven-pom" value="" />
    <property name="file.reference.reactive-streams-1.0.3.jar" value="C:\Users\bruno\Desktop\selenium-java-4.1.2\lib\reactive-streams-1.0.3.jar" />
    <property name="file.reference.netty-transport-native-kqueue-4.1.73.Final.jar" value="C:\Users\bruno\Desktop\selenium-java-4.1.2\lib\netty-transport-native-kqueue-4.1.73.Final.jar" />
    <property name="file.reference.slf4j-api-1.7.35.jar-1" value="lib\testLib\slf4j-api-1.7.35.jar" />
    <property name="libs.jaxb.maven-pom" value="" />
    <property name="libs.javaee-api-6.0.maven-pom" value="" />
    <property name="dist.dir" value="dist" />
    <property name="build.dir" value="build" />
    <property name="file.reference.selenium-devtools-v96-4.1.2-sources.jar-1" value="lib\testLib\selenium-devtools-v96-4.1.2-sources.jar" />
    <property name="libs.graaljs.maven-pom" value="" />
    <property name="file.reference.selenium-edge-driver-4.1.2-sources.jar-1" value="lib\testLib\selenium-edge-driver-4.1.2-sources.jar" />
    <property name="netbeans.autoupdate.variant" value="" />
    <property name="javadoc.version" value="false" />
    <property name="libs.metro.classpath" value="C:\Program Files\NetBeans-12.6\netbeans\ide\modules\ext\jaxb\activation.jar;C:\Program Files\NetBeans-12.6\netbeans\enterprise\modules\ext\metro\webservices-api.jar;C:\Program Files\NetBeans-12.6\netbeans\enterprise\modules\ext\metro\webservices-extra-api.jar;C:\Program Files\NetBeans-12.6\netbeans\enterprise\modules\ext\metro\webservices-extra.jar;C:\Program Files\NetBeans-12.6\netbeans\enterprise\modules\ext\metro\webservices-rt.jar;C:\Program Files\NetBeans-12.6\netbeans\enterprise\modules\ext\metro\webservices-tools.jar" />
    <property name="libs.metro.src" value="" />
    <property name="libs.CopyLibs.classpath" value="C:\Program Files\NetBeans-12.6\netbeans\java\ant\extra\org-netbeans-modules-java-j2seproject-copylibstask.jar" />
    <property name="sun.os.patch.level" value="" />
    <property name="deploy.ant.properties.file" value="C:\Users\bruno\AppData\Roaming\NetBeans\12.6\config\GlassFishEE6\Properties\gfv3-444820716.properties" />
    <property name="javac.test.processorpath" value="C:\Users\bruno\Documents\NetBeansProjects\Forum-JPA-JDBC\lib\cglib-nodep-2.2.2.jar:C:\Users\bruno\Documents\NetBeansProjects\Forum-JPA-JDBC\lib\dbunit-2.5.3.jar:C:\Users\bruno\Documents\NetBeansProjects\Forum-JPA-JDBC\lib\hamcrest-core-1.3.jar:C:\Users\bruno\Documents\NetBeansProjects\Forum-JPA-JDBC\lib\hamcrest-library-1.3.jar:C:\Users\bruno\Documents\NetBeansProjects\Forum-JPA-JDBC\lib\log4j.jar:C:\Users\bruno\Documents\NetBeansProjects\Forum-JPA-JDBC\lib\objenesis-2.1.jar:C:\Users\bruno\Documents\NetBeansProjects\Forum-JPA-JDBC\lib\postgresql-42.3.2.jar:C:\Users\bruno\Documents\NetBeansProjects\Forum-JPA-JDBC\lib\postgresql-9.4.1210.jre6.jar:C:\Users\bruno\Documents\NetBeansProjects\Forum-JPA-JDBC\lib\slf4j-log4j12-1.7.14.jar:lib\postgresql-42.3.2.jar:build/web/WEB-INF/classes:C:\Program Files\NetBeans-12.6\netbeans\platform\modules\ext\junit-4.13.2.jar:C:\Program Files\NetBeans-12.6\netbeans\platform\modules\ext\hamcrest-core-1.3.jar:C:\Users\bruno\Desktop\selenium-java-4.1.2\lib\async-http-client-2.12.3.jar:C:\Users\bruno\Desktop\selenium-java-4.1.2\lib\async-http-client-netty-utils-2.12.3.jar:C:\Users\bruno\Desktop\selenium-java-4.1.2\lib\auto-common-1.2.1.jar:C:\Users\bruno\Desktop\selenium-java-4.1.2\lib\auto-service-1.0.1.jar:C:\Users\bruno\Desktop\selenium-java-4.1.2\lib\auto-service-annotations-1.0.1.jar:C:\Users\bruno\Desktop\selenium-java-4.1.2\lib\byte-buddy-1.12.7.jar:C:\Users\bruno\Desktop\selenium-java-4.1.2\lib\checker-qual-3.12.0.jar:C:\Users\bruno\Desktop\selenium-java-4.1.2\lib\commons-exec-1.3.jar:C:\Users\bruno\Desktop\selenium-java-4.1.2\lib\error_prone_annotations-2.7.1.jar:C:\Users\bruno\Desktop\selenium-java-4.1.2\lib\failsafe-2.4.4.jar:C:\Users\bruno\Desktop\selenium-java-4.1.2\lib\failureaccess-1.0.1.jar:C:\Users\bruno\Desktop\selenium-java-4.1.2\lib\guava-31.0.1-jre.jar:C:\Users\bruno\Desktop\selenium-java-4.1.2\lib\j2objc-annotations-1.3.jar:C:\Users\bruno\Desktop\selenium-java-4.1.2\lib\jakarta.activation-1.2.2.jar:C:\Users\bruno\Desktop\selenium-java-4.1.2\lib\jcommander-1.82.jar:C:\Users\bruno\Desktop\selenium-java-4.1.2\lib\jsr305-3.0.2.jar:C:\Users\bruno\Desktop\selenium-java-4.1.2\lib\jtoml-2.0.0.jar:C:\Users\bruno\Desktop\selenium-java-4.1.2\lib\listenablefuture-9999.0-empty-to-avoid-conflict-with-guava.jar:C:\Users\bruno\Desktop\selenium-java-4.1.2\lib\netty-buffer-4.1.73.Final.jar:C:\Users\bruno\Desktop\selenium-java-4.1.2\lib\netty-codec-4.1.73.Final.jar:C:\Users\bruno\Desktop\selenium-java-4.1.2\lib\netty-codec-http-4.1.73.Final.jar:C:\Users\bruno\Desktop\selenium-java-4.1.2\lib\netty-codec-socks-4.1.73.Final.jar:C:\Users\bruno\Desktop\selenium-java-4.1.2\lib\netty-common-4.1.73.Final.jar:C:\Users\bruno\Desktop\selenium-java-4.1.2\lib\netty-handler-4.1.73.Final.jar:C:\Users\bruno\Desktop\selenium-java-4.1.2\lib\netty-handler-proxy-4.1.73.Final.jar:C:\Users\bruno\Desktop\selenium-java-4.1.2\lib\netty-reactive-streams-2.0.4.jar:C:\Users\bruno\Desktop\selenium-java-4.1.2\lib\netty-resolver-4.1.73.Final.jar:C:\Users\bruno\Desktop\selenium-java-4.1.2\lib\netty-tcnative-classes-2.0.46.Final.jar:C:\Users\bruno\Desktop\selenium-java-4.1.2\lib\netty-transport-4.1.73.Final.jar:C:\Users\bruno\Desktop\selenium-java-4.1.2\lib\netty-transport-classes-epoll-4.1.73.Final.jar:C:\Users\bruno\Desktop\selenium-java-4.1.2\lib\netty-transport-classes-kqueue-4.1.73.Final.jar:C:\Users\bruno\Desktop\selenium-java-4.1.2\lib\netty-transport-native-epoll-4.1.73.Final.jar:C:\Users\bruno\Desktop\selenium-java-4.1.2\lib\netty-transport-native-kqueue-4.1.73.Final.jar:C:\Users\bruno\Desktop\selenium-java-4.1.2\lib\netty-transport-native-unix-common-4.1.73.Final.jar:C:\Users\bruno\Desktop\selenium-java-4.1.2\lib\opentelemetry-api-1.10.1.jar:C:\Users\bruno\Desktop\selenium-java-4.1.2\lib\opentelemetry-context-1.10.1.jar:C:\Users\bruno\Desktop\selenium-java-4.1.2\lib\opentelemetry-exporter-logging-1.10.1.jar:C:\Users\bruno\Desktop\selenium-java-4.1.2\lib\opentelemetry-sdk-1.10.1.jar:C:\Users\bruno\Desktop\selenium-java-4.1.2\lib\opentelemetry-sdk-common-1.10.1.jar:C:\Users\bruno\Desktop\selenium-java-4.1.2\lib\opentelemetry-sdk-extension-autoconfigure-1.10.1-alpha.jar:C:\Users\bruno\Desktop\selenium-java-4.1.2\lib\opentelemetry-sdk-extension-autoconfigure-spi-1.10.1.jar:C:\Users\bruno\Desktop\selenium-java-4.1.2\lib\opentelemetry-sdk-logs-1.10.1-alpha.jar:C:\Users\bruno\Desktop\selenium-java-4.1.2\lib\opentelemetry-sdk-metrics-1.10.1-alpha.jar:C:\Users\bruno\Desktop\selenium-java-4.1.2\lib\opentelemetry-sdk-trace-1.10.1.jar:C:\Users\bruno\Desktop\selenium-java-4.1.2\lib\opentelemetry-semconv-1.10.1-alpha.jar:C:\Users\bruno\Desktop\selenium-java-4.1.2\lib\reactive-streams-1.0.3.jar:C:\Users\bruno\Desktop\selenium-java-4.1.2\lib\slf4j-api-1.7.35.jar:C:\Users\bruno\Desktop\selenium-java-4.1.2\selenium-api-4.1.2-sources.jar:C:\Users\bruno\Desktop\selenium-java-4.1.2\selenium-api-4.1.2.jar:C:\Users\bruno\Desktop\selenium-java-4.1.2\selenium-chrome-driver-4.1.2-sources.jar:C:\Users\bruno\Desktop\selenium-java-4.1.2\selenium-chrome-driver-4.1.2.jar:C:\Users\bruno\Desktop\selenium-java-4.1.2\selenium-chromium-driver-4.1.2-sources.jar:C:\Users\bruno\Desktop\selenium-java-4.1.2\selenium-chromium-driver-4.1.2.jar:C:\Users\bruno\Desktop\selenium-java-4.1.2\selenium-devtools-v85-4.1.2-sources.jar:C:\Users\bruno\Desktop\selenium-java-4.1.2\selenium-devtools-v85-4.1.2.jar:C:\Users\bruno\Desktop\selenium-java-4.1.2\selenium-devtools-v95-4.1.2-sources.jar:C:\Users\bruno\Desktop\selenium-java-4.1.2\selenium-devtools-v95-4.1.2.jar:C:\Users\bruno\Desktop\selenium-java-4.1.2\selenium-devtools-v96-4.1.2-sources.jar:C:\Users\bruno\Desktop\selenium-java-4.1.2\selenium-devtools-v96-4.1.2.jar:C:\Users\bruno\Desktop\selenium-java-4.1.2\selenium-devtools-v97-4.1.2-sources.jar:C:\Users\bruno\Desktop\selenium-java-4.1.2\selenium-devtools-v97-4.1.2.jar:C:\Users\bruno\Desktop\selenium-java-4.1.2\selenium-edge-driver-4.1.2-sources.jar:C:\Users\bruno\Desktop\selenium-java-4.1.2\selenium-edge-driver-4.1.2.jar:C:\Users\bruno\Desktop\selenium-java-4.1.2\selenium-firefox-driver-4.1.2-sources.jar:C:\Users\bruno\Desktop\selenium-java-4.1.2\selenium-firefox-driver-4.1.2.jar:C:\Users\bruno\Desktop\selenium-java-4.1.2\selenium-firefox-xpi-driver-4.1.2-sources.jar:C:\Users\bruno\Desktop\selenium-java-4.1.2\selenium-firefox-xpi-driver-4.1.2.jar:C:\Users\bruno\Desktop\selenium-java-4.1.2\selenium-http-4.1.2-sources.jar:C:\Users\bruno\Desktop\selenium-java-4.1.2\selenium-http-4.1.2.jar:C:\Users\bruno\Desktop\selenium-java-4.1.2\selenium-ie-driver-4.1.2-sources.jar:C:\Users\bruno\Desktop\selenium-java-4.1.2\selenium-ie-driver-4.1.2.jar:C:\Users\bruno\Desktop\selenium-java-4.1.2\selenium-java-4.1.2-sources.jar:C:\Users\bruno\Desktop\selenium-java-4.1.2\selenium-java-4.1.2.jar:C:\Users\bruno\Desktop\selenium-java-4.1.2\selenium-json-4.1.2-sources.jar:C:\Users\bruno\Desktop\selenium-java-4.1.2\selenium-json-4.1.2.jar:C:\Users\bruno\Desktop\selenium-java-4.1.2\selenium-opera-driver-4.1.2-sources.jar:C:\Users\bruno\Desktop\selenium-java-4.1.2\selenium-opera-driver-4.1.2.jar:C:\Users\bruno\Desktop\selenium-java-4.1.2\selenium-remote-driver-4.1.2-sources.jar:C:\Users\bruno\Desktop\selenium-java-4.1.2\selenium-remote-driver-4.1.2.jar:C:\Users\bruno\Desktop\selenium-java-4.1.2\selenium-safari-driver-4.1.2-sources.jar:C:\Users\bruno\Desktop\selenium-java-4.1.2\selenium-safari-driver-4.1.2.jar:C:\Users\bruno\Desktop\selenium-java-4.1.2\selenium-support-4.1.2-sources.jar:C:\Users\bruno\Desktop\selenium-java-4.1.2\selenium-support-4.1.2.jar:lib\testLib\async-http-client-2.12.3.jar:lib\testLib\async-http-client-netty-utils-2.12.3.jar:lib\testLib\auto-common-1.2.1.jar:lib\testLib\auto-service-1.0.1.jar:lib\testLib\auto-service-annotations-1.0.1.jar:lib\testLib\byte-buddy-1.12.7.jar:lib\testLib\checker-qual-3.12.0.jar:lib\testLib\commons-exec-1.3.jar:lib\testLib\error_prone_annotations-2.7.1.jar:lib\testLib\failsafe-2.4.4.jar:lib\testLib\failureaccess-1.0.1.jar:lib\testLib\guava-31.0.1-jre.jar:lib\testLib\j2objc-annotations-1.3.jar:lib\testLib\jakarta.activation-1.2.2.jar:lib\testLib\jcommander-1.82.jar:lib\testLib\jsr305-3.0.2.jar:lib\testLib\jtoml-2.0.0.jar:lib\testLib\listenablefuture-9999.0-empty-to-avoid-conflict-with-guava.jar:lib\testLib\netty-buffer-4.1.73.Final.jar:lib\testLib\netty-codec-4.1.73.Final.jar:lib\testLib\netty-codec-http-4.1.73.Final.jar:lib\testLib\netty-codec-socks-4.1.73.Final.jar:lib\testLib\netty-common-4.1.73.Final.jar:lib\testLib\netty-handler-4.1.73.Final.jar:lib\testLib\netty-handler-proxy-4.1.73.Final.jar:lib\testLib\netty-reactive-streams-2.0.4.jar:lib\testLib\netty-resolver-4.1.73.Final.jar:lib\testLib\netty-tcnative-classes-2.0.46.Final.jar:lib\testLib\netty-transport-4.1.73.Final.jar:lib\testLib\netty-transport-classes-epoll-4.1.73.Final.jar:lib\testLib\netty-transport-classes-kqueue-4.1.73.Final.jar:lib\testLib\netty-transport-native-epoll-4.1.73.Final.jar:lib\testLib\netty-transport-native-kqueue-4.1.73.Final.jar:lib\testLib\netty-transport-native-unix-common-4.1.73.Final.jar:lib\testLib\opentelemetry-api-1.10.1.jar:lib\testLib\opentelemetry-context-1.10.1.jar:lib\testLib\opentelemetry-exporter-logging-1.10.1.jar:lib\testLib\opentelemetry-sdk-1.10.1.jar:lib\testLib\opentelemetry-sdk-common-1.10.1.jar:lib\testLib\opentelemetry-sdk-extension-autoconfigure-1.10.1-alpha.jar:lib\testLib\opentelemetry-sdk-extension-autoconfigure-spi-1.10.1.jar:lib\testLib\opentelemetry-sdk-logs-1.10.1-alpha.jar:lib\testLib\opentelemetry-sdk-metrics-1.10.1-alpha.jar:lib\testLib\opentelemetry-sdk-trace-1.10.1.jar:lib\testLib\opentelemetry-semconv-1.10.1-alpha.jar:lib\testLib\reactive-streams-1.0.3.jar:lib\testLib\selenium-api-4.1.2-sources.jar:lib\testLib\selenium-api-4.1.2.jar:lib\testLib\selenium-chrome-driver-4.1.2-sources.jar:lib\testLib\selenium-chrome-driver-4.1.2.jar:lib\testLib\selenium-chromium-driver-4.1.2-sources.jar:lib\testLib\selenium-chromium-driver-4.1.2.jar:lib\testLib\selenium-devtools-v85-4.1.2-sources.jar:lib\testLib\selenium-devtools-v85-4.1.2.jar:lib\testLib\selenium-devtools-v95-4.1.2-sources.jar:lib\testLib\selenium-devtools-v95-4.1.2.jar:lib\testLib\selenium-devtools-v96-4.1.2-sources.jar:lib\testLib\selenium-devtools-v96-4.1.2.jar:lib\testLib\selenium-devtools-v97-4.1.2-sources.jar:lib\testLib\selenium-devtools-v97-4.1.2.jar:lib\testLib\selenium-edge-driver-4.1.2-sources.jar:lib\testLib\selenium-edge-driver-4.1.2.jar:lib\testLib\selenium-firefox-driver-4.1.2-sources.jar:lib\testLib\selenium-firefox-driver-4.1.2.jar:lib\testLib\selenium-firefox-xpi-driver-4.1.2-sources.jar:lib\testLib\selenium-firefox-xpi-driver-4.1.2.jar:lib\testLib\selenium-http-4.1.2-sources.jar:lib\testLib\selenium-http-4.1.2.jar:lib\testLib\selenium-ie-driver-4.1.2-sources.jar:lib\testLib\selenium-ie-driver-4.1.2.jar:lib\testLib\selenium-java-4.1.2-sources.jar:lib\testLib\selenium-java-4.1.2.jar:lib\testLib\selenium-json-4.1.2-sources.jar:lib\testLib\selenium-json-4.1.2.jar:lib\testLib\selenium-opera-driver-4.1.2-sources.jar:lib\testLib\selenium-opera-driver-4.1.2.jar:lib\testLib\selenium-remote-driver-4.1.2-sources.jar:lib\testLib\selenium-remote-driver-4.1.2.jar:lib\testLib\selenium-safari-driver-4.1.2-sources.jar:lib\testLib\selenium-safari-driver-4.1.2.jar:lib\testLib\selenium-support-4.1.2-sources.jar:lib\testLib\selenium-support-4.1.2.jar:lib\testLib\slf4j-api-1.7.35.jar" />
    <property name="libs.javaee-web-api-7.0.maven-pom" value="" />
    <property name="libs.javaee-web-api-8.0.maven-pom" value="" />
    <property name="netbeans.dirs" value="C:\Program Files\NetBeans-12.6\netbeans\nb;C:\Program Files\NetBeans-12.6\netbeans\ergonomics;C:\Program Files\NetBeans-12.6\netbeans\ide;C:\Program Files\NetBeans-12.6\netbeans\extide;C:\Program Files\NetBeans-12.6\netbeans\java;C:\Program Files\NetBeans-12.6\netbeans\apisupport;C:\Program Files\NetBeans-12.6\netbeans\webcommon;C:\Program Files\NetBeans-12.6\netbeans\websvccommon;C:\Program Files\NetBeans-12.6\netbeans\enterprise;C:\Program Files\NetBeans-12.6\netbeans\mobility;C:\Program Files\NetBeans-12.6\netbeans\profiler;C:\Program Files\NetBeans-12.6\netbeans\python;C:\Program Files\NetBeans-12.6\netbeans\php;C:\Program Files\NetBeans-12.6\netbeans\identity;C:\Program Files\NetBeans-12.6\netbeans\harness;C:\Program Files\NetBeans-12.6\netbeans\cnd;C:\Program Files\NetBeans-12.6\netbeans\cndext;C:\Program Files\NetBeans-12.6\netbeans\cpplite;C:\Program Files\NetBeans-12.6\netbeans\dlight;C:\Program Files\NetBeans-12.6\netbeans\groovy;C:\Program Files\NetBeans-12.6\netbeans\extra;C:\Program Files\NetBeans-12.6\netbeans\javacard;C:\Program Files\NetBeans-12.6\netbeans\javafx" />
    <property name="file.reference.failsafe-2.4.4.jar-1" value="lib\testLib\failsafe-2.4.4.jar" />
    <property name="libs.JAVADB_DRIVER_LABEL.javadoc" value="" />
    <property name="libs.hamcrest.maven-pom" value="" />
    <property name="file.reference.netty-transport-classes-kqueue-4.1.73.Final.jar-1" value="lib\testLib\netty-transport-classes-kqueue-4.1.73.Final.jar" />
    <property name="javac.processorpath" value="C:\Users\bruno\Documents\NetBeansProjects\Forum-JPA-JDBC\lib\cglib-nodep-2.2.2.jar:C:\Users\bruno\Documents\NetBeansProjects\Forum-JPA-JDBC\lib\dbunit-2.5.3.jar:C:\Users\bruno\Documents\NetBeansProjects\Forum-JPA-JDBC\lib\hamcrest-core-1.3.jar:C:\Users\bruno\Documents\NetBeansProjects\Forum-JPA-JDBC\lib\hamcrest-library-1.3.jar:C:\Users\bruno\Documents\NetBeansProjects\Forum-JPA-JDBC\lib\log4j.jar:C:\Users\bruno\Documents\NetBeansProjects\Forum-JPA-JDBC\lib\objenesis-2.1.jar:C:\Users\bruno\Documents\NetBeansProjects\Forum-JPA-JDBC\lib\postgresql-42.3.2.jar:C:\Users\bruno\Documents\NetBeansProjects\Forum-JPA-JDBC\lib\postgresql-9.4.1210.jre6.jar:C:\Users\bruno\Documents\NetBeansProjects\Forum-JPA-JDBC\lib\slf4j-log4j12-1.7.14.jar:lib\postgresql-42.3.2.jar" />
    <property name="file.reference.auto-service-annotations-1.0.1.jar-1" value="lib\testLib\auto-service-annotations-1.0.1.jar" />
    <property name="file.reference.netty-transport-native-epoll-4.1.73.Final.jar" value="C:\Users\bruno\Desktop\selenium-java-4.1.2\lib\netty-transport-native-epoll-4.1.73.Final.jar" />
    <property name="libs.javaee-api-6.0.javadoc" value="C:\Program Files\NetBeans-12.6\netbeans\enterprise\docs\javaee-doc-api.jar" />
    <property name="file.reference.selenium-http-4.1.2-sources.jar-1" value="lib\testLib\selenium-http-4.1.2-sources.jar" />
    <property name="libs.JWSAntTasks.maven-pom" value="" />
    <property name="file.reference.opentelemetry-exporter-logging-1.10.1.jar" value="C:\Users\bruno\Desktop\selenium-java-4.1.2\lib\opentelemetry-exporter-logging-1.10.1.jar" />
    <property name="file.reference.selenium-edge-driver-4.1.2.jar" value="C:\Users\bruno\Desktop\selenium-java-4.1.2\selenium-edge-driver-4.1.2.jar" />
    <property name="apple.laf.useScreenMenuBar" value="true" />
    <property name="user.country" value="BR" />
    <property name="jspc.schemas" value="/resources/schemas/" />
    <property name="sun.java.launcher" value="SUN_STANDARD" />
    <property name="libs.jakartaee-api-9.0.maven-pom" value="" />
    <property name="libs.jpa20-persistence.src" value="" />
    <property name="libs.restapi.javadoc" value="" />
    <property name="file.reference.selenium-ie-driver-4.1.2-sources.jar" value="C:\Users\bruno\Desktop\selenium-java-4.1.2\selenium-ie-driver-4.1.2-sources.jar" />
    <property name="display.browser" value="true" />
    <property name="libs.spring-webmvc3.0.maven-pom" value="" />
    <property name="file.reference.checker-qual-3.12.0.jar" value="C:\Users\bruno\Desktop\selenium-java-4.1.2\lib\checker-qual-3.12.0.jar" />
    <property name="junit.selected.version" value="4" />
    <property name="do.debug.server" value="true" />
    <property name="includes" value="**/*Test.java" />
    <property name="file.reference.jtoml-2.0.0.jar" value="C:\Users\bruno\Desktop\selenium-java-4.1.2\lib\jtoml-2.0.0.jar" />
    <property name="do.display.browser" value="true" />
    <property name="file.reference.commons-exec-1.3.jar-1" value="lib\testLib\commons-exec-1.3.jar" />
    <property name="file.reference.hamcrest-core-1.3.jar" value="C:\Users\bruno\Documents\NetBeansProjects\Forum-JPA-JDBC\lib\hamcrest-core-1.3.jar" />
    <property name="file.reference.opentelemetry-sdk-1.10.1.jar" value="C:\Users\bruno\Desktop\selenium-java-4.1.2\lib\opentelemetry-sdk-1.10.1.jar" />
    <property name="libs.jsf12.javadoc" value="C:\Program Files\NetBeans-12.6\netbeans\enterprise\docs\javaee-doc-api.jar" />
    <property name="libs.hamcrest.classpath" value="C:\Program Files\NetBeans-12.6\netbeans\platform\modules\ext\hamcrest-core-1.3.jar" />
    <property name="javadoc.splitindex" value="true" />
    <property name="libs.JWSAntTasks.classpath" value="C:\Program Files\NetBeans-12.6\netbeans\java\ant\extra\org-netbeans-modules-javawebstart-anttasks.jar" />
    <property name="junit.available" value="true" />
    <property name="javadoc.encoding" value="UTF-8" />
    <property name="j2ee.platform" value="9.0-web" />
    <property name="libs.jsp-compilation-syscp.maven-pom" value="" />
    <property name="libs.jstl.src" value="" />
    <property name="netbeans.hash.code" value="unique=NB_EXTIDE_JAVA_PHP_WEBCOMMON_WEBEE0d8794052-4760-4306-bafe-49d750bd8a1b_7f3bf179-45bf-47fb-9e49-09451f0317ed" />
    <property name="file.reference.netty-transport-native-epoll-4.1.73.Final.jar-1" value="lib\testLib\netty-transport-native-epoll-4.1.73.Final.jar" />
    <property name="libs.spring-webmvc3.0.classpath" value="C:\Program Files\NetBeans-12.6\netbeans\java\modules\ext\spring-3.0\spring-webmvc-3.2.18.RELEASE.jar" />
    <property name="java.runtime.name" value="OpenJDK Runtime Environment" />
    <property name="libs.jaxb.javadoc" value="C:\Program Files\NetBeans-12.6\netbeans\ide\docs\jaxb-api-doc.jar" />
    <property name="libs.spring-framework500.maven-pom" value="" />
    <property name="file.reference.opentelemetry-semconv-1.10.1-alpha.jar-1" value="lib\testLib\opentelemetry-semconv-1.10.1-alpha.jar" />
    <property name="run.jvmargs.ide" value="" />
    <property name="file.reference.jakarta.activation-1.2.2.jar" value="C:\Users\bruno\Desktop\selenium-java-4.1.2\lib\jakarta.activation-1.2.2.jar" />
    <property name="ant.core.lib" value="C:\Program Files\NetBeans-12.6\netbeans\extide\ant\lib\ant.jar" />
    <property name="libs.jsp-compilation.maven-pom" value="" />
    <property name="file.reference.selenium-support-4.1.2.jar-1" value="lib\testLib\selenium-support-4.1.2.jar" />
    <property name="libs.jakartaee-api-9.0.classpath" value="C:\Program Files\NetBeans-12.6\netbeans\enterprise\modules\ext\jakarta.jakartaee-api-9.0.0.jar" />
    <property name="file.reference.selenium-java-4.1.2-sources.jar" value="C:\Users\bruno\Desktop\selenium-java-4.1.2\selenium-java-4.1.2-sources.jar" />
    <property name="ignore.failing.tests" value="true" />
    <property name="libs.PostgreSQLDriver.javadoc" value="" />
    <property name="file.reference.selenium-json-4.1.2.jar" value="C:\Users\bruno\Desktop\selenium-java-4.1.2\selenium-json-4.1.2.jar" />
    <property name="file.reference.selenium-firefox-driver-4.1.2-sources.jar-1" value="lib\testLib\selenium-firefox-driver-4.1.2-sources.jar" />
    <property name="libs.jsp-compilation-syscp.classpath" value="C:\Program Files\NetBeans-12.6\netbeans\extide\ant\lib\ant.jar;C:\Program Files\NetBeans-12.6\netbeans\enterprise\modules\ext\servlet3.1-jsp2.3-api.jar;C:\Program Files\NetBeans-12.6\netbeans\enterprise\modules\ext\glassfish-jspparser-4.0.jar;C:\Program Files\NetBeans-12.6\netbeans\enterprise\modules\ext\jstl-impl.jar;C:\Program Files\NetBeans-12.6\netbeans\enterprise\modules\ext\jsf-2_2\javax.faces.jar" />
    <property name="libs.jsp-compilation.classpath" value="C:\Program Files\NetBeans-12.6\netbeans\extide\ant\lib\ant.jar;C:\Program Files\NetBeans-12.6\netbeans\enterprise\modules\ext\servlet3.1-jsp2.3-api.jar;C:\Program Files\NetBeans-12.6\netbeans\enterprise\modules\ext\glassfish-jspparser-4.0.jar;C:\Program Files\NetBeans-12.6\netbeans\enterprise\modules\ext\jsf-2_2\javax.faces.jar;C:\Program Files\NetBeans-12.6\netbeans\enterprise\modules\ext\jstl-api.jar;C:\Program Files\NetBeans-12.6\netbeans\extide\ant\lib\ant-launcher.jar" />
    <property name="war.ear.name" value="Forum-JPA-JDBC.war" />
    <property name="libs.Java-EE-GlassFish-v3-Prelude.classpath" value="C:\Users\bruno\GlassFish_Server\glassfish\modules\jakarta.activation.jar;C:\Users\bruno\GlassFish_Server\glassfish\modules\jakarta.annotation-api.jar;C:\Users\bruno\GlassFish_Server\glassfish\modules\jakarta.authentication-api.jar;C:\Users\bruno\GlassFish_Server\glassfish\modules\jakarta.authorization-api.jar;C:\Users\bruno\GlassFish_Server\glassfish\modules\jakarta.batch-api.jar;C:\Users\bruno\GlassFish_Server\glassfish\modules\jakarta.ejb-api.jar;C:\Users\bruno\GlassFish_Server\glassfish\modules\jakarta.el-api.jar;C:\Users\bruno\GlassFish_Server\glassfish\modules\jakarta.el.jar;C:\Users\bruno\GlassFish_Server\glassfish\modules\jakarta.enterprise.cdi-api.jar;C:\Users\bruno\GlassFish_Server\glassfish\modules\jakarta.enterprise.concurrent-api.jar;C:\Users\bruno\GlassFish_Server\glassfish\modules\jakarta.enterprise.concurrent.jar;C:\Users\bruno\GlassFish_Server\glassfish\modules\jakarta.faces.jar;C:\Users\bruno\GlassFish_Server\glassfish\modules\jakarta.inject-api.jar;C:\Users\bruno\GlassFish_Server\glassfish\modules\jakarta.interceptor-api.jar;C:\Users\bruno\GlassFish_Server\glassfish\modules\jakarta.jms-api.jar;C:\Users\bruno\GlassFish_Server\glassfish\modules\jakarta.json.bind-api.jar;C:\Users\bruno\GlassFish_Server\glassfish\modules\jakarta.json.jar;C:\Users\bruno\GlassFish_Server\glassfish\modules\jakarta.mail.jar;C:\Users\bruno\GlassFish_Server\glassfish\modules\jakarta.mvc-api.jar;C:\Users\bruno\GlassFish_Server\glassfish\modules\jakarta.persistence-api.jar;C:\Users\bruno\GlassFish_Server\glassfish\modules\jakarta.resource-api.jar;C:\Users\bruno\GlassFish_Server\glassfish\modules\jakarta.security.enterprise-api.jar;C:\Users\bruno\GlassFish_Server\glassfish\modules\jakarta.security.enterprise.jar;C:\Users\bruno\GlassFish_Server\glassfish\modules\jakarta.servlet-api.jar;C:\Users\bruno\GlassFish_Server\glassfish\modules\jakarta.servlet.jsp-api.jar;C:\Users\bruno\GlassFish_Server\glassfish\modules\jakarta.servlet.jsp.jstl-api.jar;C:\Users\bruno\GlassFish_Server\glassfish\modules\jakarta.servlet.jsp.jstl.jar;C:\Users\bruno\GlassFish_Server\glassfish\modules\jakarta.transaction-api.jar;C:\Users\bruno\GlassFish_Server\glassfish\modules\jakarta.validation-api.jar;C:\Users\bruno\GlassFish_Server\glassfish\modules\jakarta.websocket-api.jar;C:\Users\bruno\GlassFish_Server\glassfish\modules\jakarta.ws.rs-api.jar;C:\Users\bruno\GlassFish_Server\glassfish\modules\jakarta.xml.bind-api.jar;C:\Users\bruno\GlassFish_Server\glassfish\modules\jaxb-osgi.jar;C:\Users\bruno\GlassFish_Server\glassfish\modules\webservices-osgi.jar;C:\Users\bruno\GlassFish_Server\glassfish\modules\weld-osgi-bundle.jar;C:\Users\bruno\GlassFish_Server\mq\lib\jaxm-api.jar" />
    <property name="webinf.dir" value="web/WEB-INF" />
    <property name="libs.javaee-api-6.0.classpath" value="C:\Program Files\NetBeans-12.6\netbeans\enterprise\modules\ext\javaee-api-6.0.jar" />
    <property name="libs.javaee-api-7.0.classpath" value="C:\Program Files\NetBeans-12.6\netbeans\enterprise\modules\ext\javaee-api-7.0.jar" />
    <property name="file.reference.selenium-ie-driver-4.1.2-sources.jar-1" value="lib\testLib\selenium-ie-driver-4.1.2-sources.jar" />
    <property name="sun.cpu.isalist" value="amd64" />
    <property name="file.reference.selenium-ie-driver-4.1.2.jar-1" value="lib\testLib\selenium-ie-driver-4.1.2.jar" />
    <property name="libs.restapi.maven-pom" value="" />
    <property name="file.reference.selenium-firefox-xpi-driver-4.1.2.jar" value="C:\Users\bruno\Desktop\selenium-java-4.1.2\selenium-firefox-xpi-driver-4.1.2.jar" />
    <property name="javadoc.preview" value="true" />
    <property name="sun.arch.data.model" value="64" />
    <property name="nb.show.statistics.ui" value="usageStatisticsEnabled" />
    <property name="libs.jakartaee-web-api-9.0.maven-pom" value="" />
    <property name="libs.javaee-endorsed-api-7.0.src" value="" />
    <property name="annotation.processing.enabled" value="true" />
    <property name="libs.junit_5.src" value="C:\Program Files\NetBeans-12.6\netbeans\platform\docs\junit-jupiter-api-5.6.0-sources.jar;C:\Program Files\NetBeans-12.6\netbeans\platform\docs\junit-jupiter-params-5.6.0-sources.jar;C:\Program Files\NetBeans-12.6\netbeans\platform\docs\junit-jupiter-engine-5.6.0-sources.jar" />
    <property name="libs.jaxb.classpath" value="C:\Program Files\NetBeans-12.6\netbeans\ide\modules\ext\jaxb\jaxb-impl.jar;C:\Program Files\NetBeans-12.6\netbeans\ide\modules\ext\jaxb\jaxb-xjc.jar;C:\Program Files\NetBeans-12.6\netbeans\ide\modules\ext\jaxb\activation.jar;C:\Program Files\NetBeans-12.6\netbeans\ide\modules\ext\jaxb\api\jaxb-api.jar" />
    <property name="libs.javaee-api-8.0.classpath" value="C:\Program Files\NetBeans-12.6\netbeans\enterprise\modules\ext\javaee-api-8.0.jar" />
    <property name="file.reference.opentelemetry-sdk-extension-autoconfigure-spi-1.10.1.jar-1" value="lib\testLib\opentelemetry-sdk-extension-autoconfigure-spi-1.10.1.jar" />
    <property name="libs.CopyLibs.src" value="" />
    <property name="file.reference.netty-reactive-streams-2.0.4.jar" value="C:\Users\bruno\Desktop\selenium-java-4.1.2\lib\netty-reactive-streams-2.0.4.jar" />
    <property name="file.reference.opentelemetry-sdk-logs-1.10.1-alpha.jar-1" value="lib\testLib\opentelemetry-sdk-logs-1.10.1-alpha.jar" />
    <property name="javac.source" value="11" />
    <property name="java.specification.vendor" value="Oracle Corporation" />
    <property name="java.version.date" value="2021-07-20" />
    <property name="java.home" value="C:\Program Files\Eclipse Foundation\jdk-11.0.12.7-hotspot" />
    <property name="file.reference.selenium-json-4.1.2-sources.jar" value="C:\Users\bruno\Desktop\selenium-java-4.1.2\selenium-json-4.1.2-sources.jar" />
    <property name="file.reference.selenium-json-4.1.2.jar-1" value="lib\testLib\selenium-json-4.1.2.jar" />
    <property name="jna.boot.library.name" value="jnidispatch-nb" />
    <property name="file.reference.postgresql-9.4.1210.jre6.jar" value="C:\Users\bruno\Documents\NetBeansProjects\Forum-JPA-JDBC\lib\postgresql-9.4.1210.jre6.jar" />
    <property name="libs.PostgreSQLDriver.classpath" value="C:\Program Files\NetBeans-12.6\netbeans\ide\modules\ext\postgresql-42.2.16.jar" />
    <property name="file.reference.opentelemetry-sdk-common-1.10.1.jar" value="C:\Users\bruno\Desktop\selenium-java-4.1.2\lib\opentelemetry-sdk-common-1.10.1.jar" />
    <property name="file.reference.opentelemetry-api-1.10.1.jar-1" value="lib\testLib\opentelemetry-api-1.10.1.jar" />
    <property name="libs.graaljs.javadoc" value="" />
    <property name="libs.spring-webmvc3.0.javadoc" value="" />
    <property name="libs.JAXB-ENDORSED.src" value="" />
    <property name="do.display.browser.debug" value="true" />
    <property name="user.script" value="" />
    <property name="libs.spring-framework400.src" value="" />
    <property name="compile.jsps" value="false" />
    <property name="sun.management.compiler" value="HotSpot 64-Bit Tiered Compilers" />
    <property name="libs.graaljs.classpath" value="C:\Program Files\NetBeans-12.6\netbeans\webcommon\modules\ext\js-20.3.0.jar;C:\Program Files\NetBeans-12.6\netbeans\webcommon\modules\ext\js-launcher-20.3.0.jar;C:\Program Files\NetBeans-12.6\netbeans\webcommon\modules\ext\regex-20.3.0.jar;C:\Program Files\NetBeans-12.6\netbeans\webcommon\modules\ext\icu4j-67.1.jar;C:\Program Files\NetBeans-12.6\netbeans\ide\modules\ext\graal-sdk-20.3.0.jar;C:\Program Files\NetBeans-12.6\netbeans\ide\modules\ext\launcher-common-20.3.0.jar;C:\Program Files\NetBeans-12.6\netbeans\ide\modules\ext\truffle-api-20.3.0.jar" />
    <property name="libs.javaee-web-api-6.0.classpath" value="C:\Program Files\NetBeans-12.6\netbeans\enterprise\modules\ext\javaee-web-api-6.0.jar" />
    <property name="libs.jsp-compiler.javadoc" value="" />
    <property name="libs.javaee-web-api-7.0.classpath" value="C:\Program Files\NetBeans-12.6\netbeans\enterprise\modules\ext\javaee-web-api-7.0.jar" />
    <property name="file.reference.selenium-chrome-driver-4.1.2.jar" value="C:\Users\bruno\Desktop\selenium-java-4.1.2\selenium-chrome-driver-4.1.2.jar" />
    <property name="file.encoding" value="Cp1252" />
    <property name="file.reference.jsr305-3.0.2.jar-1" value="lib\testLib\jsr305-3.0.2.jar" />
    <property name="j2ee.deploy.on.save" value="true" />
    <property name="java.util.logging.config.class" value="org.netbeans.core.startup.TopLogging" />
    <property name="libs.Comet-GlassFish-v3.maven-pom" value="" />
    <property name="file.reference.netty-resolver-4.1.73.Final.jar" value="C:\Users\bruno\Desktop\selenium-java-4.1.2\lib\netty-resolver-4.1.73.Final.jar" />
    <property name="https.nonProxyHosts" value="localhost|127.0.0.1|CyberBong" />
    <property name="libs.restlib.javadoc" value="" />
    <property name="j2ee.platform.wscompile.classpath" value="C:/Users/bruno/GlassFish_Server/glassfish/modules/webservices-osgi.jar" />
    <property name="file.reference.selenium-firefox-xpi-driver-4.1.2.jar-1" value="lib\testLib\selenium-firefox-xpi-driver-4.1.2.jar" />
    <property name="file.reference.netty-handler-4.1.73.Final.jar-1" value="lib\testLib\netty-handler-4.1.73.Final.jar" />
    <property name="file.reference.selenium-chromium-driver-4.1.2.jar-1" value="lib\testLib\selenium-chromium-driver-4.1.2.jar" />
    <property name="build.web.dir" value="build/web" />
    <property name="file.reference.byte-buddy-1.12.7.jar" value="C:\Users\bruno\Desktop\selenium-java-4.1.2\lib\byte-buddy-1.12.7.jar" />
    <property name="libs.absolutelayout.classpath" value="C:\Program Files\NetBeans-12.6\netbeans\java\modules\ext\AbsoluteLayout.jar" />
    <property name="file.reference.netty-resolver-4.1.73.Final.jar-1" value="lib\testLib\netty-resolver-4.1.73.Final.jar" />
    <property name="libs.struts.maven-pom" value="" />
    <property name="browser.context" value="C:\Users\bruno\Documents\NetBeansProjects\Forum-JPA-JDBC\test" />
    <property name="java.awt.printerjob" value="sun.awt.windows.WPrinterJob" />
    <property name="nb.native.filechooser" value="false" />
    <property name="libs.testng.src" value="" />
    <property name="platform.active" value="default_platform" />
    <property name="libs.javaee-web-api-8.0.classpath" value="C:\Program Files\NetBeans-12.6\netbeans\enterprise\modules\ext\javaee-web-api-8.0.jar" />
    <property name="sun.io.unicode.encoding" value="UnicodeLittle" />
    <property name="file.reference.error_prone_annotations-2.7.1.jar-1" value="lib\testLib\error_prone_annotations-2.7.1.jar" />
    <property name="libs.struts.javadoc" value="C:\Program Files\NetBeans-12.6\netbeans\enterprise\docs\struts-1.3.10-javadoc.zip" />
    <property name="default.javac.source" value="11" />
    <property name="sun.desktop" value="windows" />
    <property name="netbeans.dynamic.classpath" value="C:\Program Files\NetBeans-12.6\netbeans\platform\core\asm-9.2.jar;C:\Program Files\NetBeans-12.6\netbeans\platform\core\asm-commons-9.2.jar;C:\Program Files\NetBeans-12.6\netbeans\platform\core\asm-tree-9.2.jar;C:\Program Files\NetBeans-12.6\netbeans\platform\core\core-base.jar;C:\Program Files\NetBeans-12.6\netbeans\platform\core\core.jar;C:\Program Files\NetBeans-12.6\netbeans\platform\core\org-netbeans-libs-asm.jar;C:\Program Files\NetBeans-12.6\netbeans\platform\core\org-openide-filesystems-compat8.jar;C:\Program Files\NetBeans-12.6\netbeans\platform\core\org-openide-filesystems.jar;C:\Program Files\NetBeans-12.6\netbeans\nb\core\org-netbeans-upgrader.jar;C:\Program Files\NetBeans-12.6\netbeans\nb\core\locale\core_nb.jar" />
    <property name="libs.javaee-web-api-8.0.javadoc" value="C:\Program Files\NetBeans-12.6\netbeans\enterprise\docs\javaee-doc-api.jar" />
    <property name="libs.eclipselinkmodelgen.classpath" value="C:\Program Files\NetBeans-12.6\netbeans\java\modules\ext\eclipselink\org.eclipse.persistence.jpa.modelgen.processor-2.7.9.jar" />
    <property name="file.reference.selenium-remote-driver-4.1.2-sources.jar-1" value="lib\testLib\selenium-remote-driver-4.1.2-sources.jar" />
    <property name="file.reference.async-http-client-2.12.3.jar-1" value="lib\testLib\async-http-client-2.12.3.jar" />
    <property name="netbeans.buildnumber" value="12.6-9cacf1fd305b775b176576c8b633b10b73524861" />
    <property name="endorsed.classpath.cmd.line.arg" value="" />
    <property name="source.root" value="src" />
    <property name="libs.jpa20-persistence.maven-pom" value="" />
    <property name="file.reference.failureaccess-1.0.1.jar" value="C:\Users\bruno\Desktop\selenium-java-4.1.2\lib\failureaccess-1.0.1.jar" />
    <property name="os.name" value="Windows 10" />
    <property name="libs.CopyLibs.maven-pom" value="" />
    <property name="file.reference.guava-31.0.1-jre.jar-1" value="lib\testLib\guava-31.0.1-jre.jar" />
    <property name="file.reference.selenium-devtools-v97-4.1.2-sources.jar-1" value="lib\testLib\selenium-devtools-v97-4.1.2-sources.jar" />
    <property name="libs.jakartaee-api-8.0.maven-pom" value="" />
    <property name="file.reference.selenium-devtools-v85-4.1.2-sources.jar" value="C:\Users\bruno\Desktop\selenium-java-4.1.2\selenium-devtools-v85-4.1.2-sources.jar" />
    <property name="jdkBug6558476" value="false" />
    <property name="file.reference.auto-common-1.2.1.jar" value="C:\Users\bruno\Desktop\selenium-java-4.1.2\lib\auto-common-1.2.1.jar" />
    <property name="http.nonProxyHosts" value="localhost|127.0.0.1|CyberBong" />
    <property name="javadoc.author" value="false" />
    <property name="libs.jsp-compilation-syscp.javadoc" value="" />
    <property name="source.encoding" value="UTF-8" />
    <property name="jar.compress" value="false" />
    <property name="libs.javaee-api-7.0.javadoc" value="C:\Program Files\NetBeans-12.6\netbeans\enterprise\docs\javaee-doc-api.jar" />
    <property name="file.reference.netty-codec-http-4.1.73.Final.jar" value="C:\Users\bruno\Desktop\selenium-java-4.1.2\lib\netty-codec-http-4.1.73.Final.jar" />
    <property name="libs.spring-webmvc5.0.src" value="" />
    <property name="java.awt.graphicsenv" value="sun.awt.Win32GraphicsEnvironment" />
    <property name="libs.jsf20.maven-pom" value="" />
    <property name="libs.restlib.classpath" value="C:\Program Files\NetBeans-12.6\netbeans\enterprise\modules\ext\jersey2\ext\jakarta.annotation-api-1.3.5.jar;C:\Program Files\NetBeans-12.6\netbeans\enterprise\modules\ext\jersey2\ext\jakarta.persistence-api-2.2.3.jar;C:\Program Files\NetBeans-12.6\netbeans\enterprise\modules\ext\jersey2\ext\jakarta.servlet-api-4.0.4.jar;C:\Program Files\NetBeans-12.6\netbeans\enterprise\modules\ext\jersey2\ext\jakarta.validation-api-2.0.2.jar;C:\Program Files\NetBeans-12.6\netbeans\enterprise\modules\ext\jersey2\ext\jakarta.xml.bind-api-2.3.3.jar;C:\Program Files\NetBeans-12.6\netbeans\enterprise\modules\ext\jersey2\jersey-client.jar;C:\Program Files\NetBeans-12.6\netbeans\enterprise\modules\ext\jersey2\jersey-common.jar;C:\Program Files\NetBeans-12.6\netbeans\enterprise\modules\ext\jersey2\jersey-server.jar;C:\Program Files\NetBeans-12.6\netbeans\enterprise\modules\ext\jersey2\ext\jersey-entity-filtering-2.34.jar;C:\Program Files\NetBeans-12.6\netbeans\enterprise\modules\ext\jersey2\ext\jersey-hk2-2.34.jar;C:\Program Files\NetBeans-12.6\netbeans\enterprise\modules\ext\jersey2\ext\jersey-media-moxy-2.34.jar;C:\Program Files\NetBeans-12.6\netbeans\enterprise\modules\ext\jersey2\jersey-container-servlet.jar;C:\Program Files\NetBeans-12.6\netbeans\enterprise\modules\ext\jersey2\jersey-container-servlet-core.jar;C:\Program Files\NetBeans-12.6\netbeans\enterprise\modules\ext\jersey2\ext\hk2-api-2.6.1.jar;C:\Program Files\NetBeans-12.6\netbeans\enterprise\modules\ext\jersey2\ext\hk2-locator-2.6.1.jar;C:\Program Files\NetBeans-12.6\netbeans\enterprise\modules\ext\jersey2\ext\hk2-utils-2.6.1.jar;C:\Program Files\NetBeans-12.6\netbeans\enterprise\modules\ext\jersey2\ext\jakarta.inject-2.6.1.jar;C:\Program Files\NetBeans-12.6\netbeans\enterprise\modules\ext\jersey2\ext\aopalliance-repackaged-2.6.1.jar;C:\Program Files\NetBeans-12.6\netbeans\enterprise\modules\ext\jersey2\ext\osgi.core-8.0.0.jar;C:\Program Files\NetBeans-12.6\netbeans\enterprise\modules\ext\jersey2\ext\osgi-resource-locator-1.0.3.jar;C:\Program Files\NetBeans-12.6\netbeans\java\modules\ext\eclipselink\org.eclipse.persistence.core-2.7.9.jar;C:\Program Files\NetBeans-12.6\netbeans\java\modules\ext\eclipselink\org.eclipse.persistence.asm-9.1.0.jar;C:\Program Files\NetBeans-12.6\netbeans\java\modules\ext\eclipselink\org.eclipse.persistence.antlr-2.7.9.jar;C:\Program Files\NetBeans-12.6\netbeans\java\modules\ext\eclipselink\org.eclipse.persistence.jpa-2.7.9.jar;C:\Program Files\NetBeans-12.6\netbeans\java\modules\ext\eclipselink\org.eclipse.persistence.jpa.jpql-2.7.9.jar;C:\Program Files\NetBeans-12.6\netbeans\java\modules\ext\eclipselink\org.eclipse.persistence.moxy-2.7.9.jar" />
    <property name="libs.jakartaee-web-api-8.0.javadoc" value="C:\Program Files\NetBeans-12.6\netbeans\enterprise\docs\jakartaee8-doc-api.jar" />
    <property name="apple.awt.graphics.UseQuartz" value="true" />
    <property name="libs.graaljs.src" value="" />
    <property name="file.reference.selenium-api-4.1.2.jar" value="C:\Users\bruno\Desktop\selenium-java-4.1.2\selenium-api-4.1.2.jar" />
    <property name="file.reference.selenium-edge-driver-4.1.2-sources.jar" value="C:\Users\bruno\Desktop\selenium-java-4.1.2\selenium-edge-driver-4.1.2-sources.jar" />
    <property name="libs.primefaces.src" value="" />
    <property name="file.reference.netty-common-4.1.73.Final.jar" value="C:\Users\bruno\Desktop\selenium-java-4.1.2\lib\netty-common-4.1.73.Final.jar" />
    <property name="file.reference.selenium-firefox-driver-4.1.2.jar" value="C:\Users\bruno\Desktop\selenium-java-4.1.2\selenium-firefox-driver-4.1.2.jar" />
    <property name="ant.file" value="C:\Users\bruno\Documents\NetBeansProjects\Forum-JPA-JDBC\build.xml" />
    <property name="j2ee.server.type" value="gfv610ee9" />
    <property name="libs.struts.src" value="" />
    <property name="path.separator" value=";" />
    <property name="libs.JAXB-ENDORSED.classpath" value="C:\Program Files\NetBeans-12.6\netbeans\ide\modules\ext\jaxb\api\jaxb-api.jar" />
    <property name="libs.restlib.src" value="" />
    <property name="file.reference.netty-handler-proxy-4.1.73.Final.jar" value="C:\Users\bruno\Desktop\selenium-java-4.1.2\lib\netty-handler-proxy-4.1.73.Final.jar" />
    <property name="build.test.results.dir" value="build/test/results" />
    <property name="libs.jaxws21.javadoc" value="C:\Program Files\NetBeans-12.6\netbeans\java\docs\jaxws-api-doc.zip" />
    <property name="libs.spring-framework400.maven-pom" value="" />
    <property name="libs.javaee-endorsed-api-6.0.javadoc" value="C:\Program Files\NetBeans-12.6\netbeans\enterprise\docs\javaee-doc-api.jar" />
    <property name="ap.processors.internal" value="" />
    <property name="file.reference.guava-31.0.1-jre.jar" value="C:\Users\bruno\Desktop\selenium-java-4.1.2\lib\guava-31.0.1-jre.jar" />
    <property name="file.reference.selenium-devtools-v95-4.1.2-sources.jar" value="C:\Users\bruno\Desktop\selenium-java-4.1.2\selenium-devtools-v95-4.1.2-sources.jar" />
    <property name="libs.jsf12.classpath" value="C:\Program Files\NetBeans-12.6\netbeans\enterprise\modules\ext\jsf-1_2\jsf-api.jar;C:\Program Files\NetBeans-12.6\netbeans\enterprise\modules\ext\jsf-1_2\jsf-impl.jar" />
    <property name="libs.spring-webmvc5.0.javadoc" value="" />
    <property name="libs.Comet-GlassFish-v3.src" value="" />
    <property name="libs.hamcrest.javadoc" value="" />
    <property name="libs.spring-framework400.javadoc" value="" />
    <property name="ant.file.Forum-JPA-JDBC-impl" value="C:\Users\bruno\Documents\NetBeansProjects\Forum-JPA-JDBC\nbproject\build-impl.xml" />
    <property name="file.reference.auto-service-1.0.1.jar-1" value="lib\testLib\auto-service-1.0.1.jar" />
    <property name="file.reference.opentelemetry-sdk-trace-1.10.1.jar-1" value="lib\testLib\opentelemetry-sdk-trace-1.10.1.jar" />
    <property name="java.vm.info" value="mixed mode" />
    <property name="file.reference.selenium-chrome-driver-4.1.2.jar-1" value="lib\testLib\selenium-chrome-driver-4.1.2.jar" />
    <property name="file.reference.selenium-api-4.1.2-sources.jar-1" value="lib\testLib\selenium-api-4.1.2-sources.jar" />
    <property name="libs.primefaces.classpath" value="C:\Program Files\NetBeans-12.6\netbeans\enterprise\modules\ext\primefaces\primefaces-5.0.jar" />
    <property name="libs.jaxws21.maven-pom" value="" />
    <property name="run.test.classpath" value="C:\Users\bruno\Documents\NetBeansProjects\Forum-JPA-JDBC\lib\cglib-nodep-2.2.2.jar:C:\Users\bruno\Documents\NetBeansProjects\Forum-JPA-JDBC\lib\dbunit-2.5.3.jar:C:\Users\bruno\Documents\NetBeansProjects\Forum-JPA-JDBC\lib\hamcrest-core-1.3.jar:C:\Users\bruno\Documents\NetBeansProjects\Forum-JPA-JDBC\lib\hamcrest-library-1.3.jar:C:\Users\bruno\Documents\NetBeansProjects\Forum-JPA-JDBC\lib\log4j.jar:C:\Users\bruno\Documents\NetBeansProjects\Forum-JPA-JDBC\lib\objenesis-2.1.jar:C:\Users\bruno\Documents\NetBeansProjects\Forum-JPA-JDBC\lib\postgresql-42.3.2.jar:C:\Users\bruno\Documents\NetBeansProjects\Forum-JPA-JDBC\lib\postgresql-9.4.1210.jre6.jar:C:\Users\bruno\Documents\NetBeansProjects\Forum-JPA-JDBC\lib\slf4j-log4j12-1.7.14.jar:lib\postgresql-42.3.2.jar:build/web/WEB-INF/classes:C:\Program Files\NetBeans-12.6\netbeans\platform\modules\ext\junit-4.13.2.jar:C:\Program Files\NetBeans-12.6\netbeans\platform\modules\ext\hamcrest-core-1.3.jar:C:\Users\bruno\Desktop\selenium-java-4.1.2\lib\async-http-client-2.12.3.jar:C:\Users\bruno\Desktop\selenium-java-4.1.2\lib\async-http-client-netty-utils-2.12.3.jar:C:\Users\bruno\Desktop\selenium-java-4.1.2\lib\auto-common-1.2.1.jar:C:\Users\bruno\Desktop\selenium-java-4.1.2\lib\auto-service-1.0.1.jar:C:\Users\bruno\Desktop\selenium-java-4.1.2\lib\auto-service-annotations-1.0.1.jar:C:\Users\bruno\Desktop\selenium-java-4.1.2\lib\byte-buddy-1.12.7.jar:C:\Users\bruno\Desktop\selenium-java-4.1.2\lib\checker-qual-3.12.0.jar:C:\Users\bruno\Desktop\selenium-java-4.1.2\lib\commons-exec-1.3.jar:C:\Users\bruno\Desktop\selenium-java-4.1.2\lib\error_prone_annotations-2.7.1.jar:C:\Users\bruno\Desktop\selenium-java-4.1.2\lib\failsafe-2.4.4.jar:C:\Users\bruno\Desktop\selenium-java-4.1.2\lib\failureaccess-1.0.1.jar:C:\Users\bruno\Desktop\selenium-java-4.1.2\lib\guava-31.0.1-jre.jar:C:\Users\bruno\Desktop\selenium-java-4.1.2\lib\j2objc-annotations-1.3.jar:C:\Users\bruno\Desktop\selenium-java-4.1.2\lib\jakarta.activation-1.2.2.jar:C:\Users\bruno\Desktop\selenium-java-4.1.2\lib\jcommander-1.82.jar:C:\Users\bruno\Desktop\selenium-java-4.1.2\lib\jsr305-3.0.2.jar:C:\Users\bruno\Desktop\selenium-java-4.1.2\lib\jtoml-2.0.0.jar:C:\Users\bruno\Desktop\selenium-java-4.1.2\lib\listenablefuture-9999.0-empty-to-avoid-conflict-with-guava.jar:C:\Users\bruno\Desktop\selenium-java-4.1.2\lib\netty-buffer-4.1.73.Final.jar:C:\Users\bruno\Desktop\selenium-java-4.1.2\lib\netty-codec-4.1.73.Final.jar:C:\Users\bruno\Desktop\selenium-java-4.1.2\lib\netty-codec-http-4.1.73.Final.jar:C:\Users\bruno\Desktop\selenium-java-4.1.2\lib\netty-codec-socks-4.1.73.Final.jar:C:\Users\bruno\Desktop\selenium-java-4.1.2\lib\netty-common-4.1.73.Final.jar:C:\Users\bruno\Desktop\selenium-java-4.1.2\lib\netty-handler-4.1.73.Final.jar:C:\Users\bruno\Desktop\selenium-java-4.1.2\lib\netty-handler-proxy-4.1.73.Final.jar:C:\Users\bruno\Desktop\selenium-java-4.1.2\lib\netty-reactive-streams-2.0.4.jar:C:\Users\bruno\Desktop\selenium-java-4.1.2\lib\netty-resolver-4.1.73.Final.jar:C:\Users\bruno\Desktop\selenium-java-4.1.2\lib\netty-tcnative-classes-2.0.46.Final.jar:C:\Users\bruno\Desktop\selenium-java-4.1.2\lib\netty-transport-4.1.73.Final.jar:C:\Users\bruno\Desktop\selenium-java-4.1.2\lib\netty-transport-classes-epoll-4.1.73.Final.jar:C:\Users\bruno\Desktop\selenium-java-4.1.2\lib\netty-transport-classes-kqueue-4.1.73.Final.jar:C:\Users\bruno\Desktop\selenium-java-4.1.2\lib\netty-transport-native-epoll-4.1.73.Final.jar:C:\Users\bruno\Desktop\selenium-java-4.1.2\lib\netty-transport-native-kqueue-4.1.73.Final.jar:C:\Users\bruno\Desktop\selenium-java-4.1.2\lib\netty-transport-native-unix-common-4.1.73.Final.jar:C:\Users\bruno\Desktop\selenium-java-4.1.2\lib\opentelemetry-api-1.10.1.jar:C:\Users\bruno\Desktop\selenium-java-4.1.2\lib\opentelemetry-context-1.10.1.jar:C:\Users\bruno\Desktop\selenium-java-4.1.2\lib\opentelemetry-exporter-logging-1.10.1.jar:C:\Users\bruno\Desktop\selenium-java-4.1.2\lib\opentelemetry-sdk-1.10.1.jar:C:\Users\bruno\Desktop\selenium-java-4.1.2\lib\opentelemetry-sdk-common-1.10.1.jar:C:\Users\bruno\Desktop\selenium-java-4.1.2\lib\opentelemetry-sdk-extension-autoconfigure-1.10.1-alpha.jar:C:\Users\bruno\Desktop\selenium-java-4.1.2\lib\opentelemetry-sdk-extension-autoconfigure-spi-1.10.1.jar:C:\Users\bruno\Desktop\selenium-java-4.1.2\lib\opentelemetry-sdk-logs-1.10.1-alpha.jar:C:\Users\bruno\Desktop\selenium-java-4.1.2\lib\opentelemetry-sdk-metrics-1.10.1-alpha.jar:C:\Users\bruno\Desktop\selenium-java-4.1.2\lib\opentelemetry-sdk-trace-1.10.1.jar:C:\Users\bruno\Desktop\selenium-java-4.1.2\lib\opentelemetry-semconv-1.10.1-alpha.jar:C:\Users\bruno\Desktop\selenium-java-4.1.2\lib\reactive-streams-1.0.3.jar:C:\Users\bruno\Desktop\selenium-java-4.1.2\lib\slf4j-api-1.7.35.jar:C:\Users\bruno\Desktop\selenium-java-4.1.2\selenium-api-4.1.2-sources.jar:C:\Users\bruno\Desktop\selenium-java-4.1.2\selenium-api-4.1.2.jar:C:\Users\bruno\Desktop\selenium-java-4.1.2\selenium-chrome-driver-4.1.2-sources.jar:C:\Users\bruno\Desktop\selenium-java-4.1.2\selenium-chrome-driver-4.1.2.jar:C:\Users\bruno\Desktop\selenium-java-4.1.2\selenium-chromium-driver-4.1.2-sources.jar:C:\Users\bruno\Desktop\selenium-java-4.1.2\selenium-chromium-driver-4.1.2.jar:C:\Users\bruno\Desktop\selenium-java-4.1.2\selenium-devtools-v85-4.1.2-sources.jar:C:\Users\bruno\Desktop\selenium-java-4.1.2\selenium-devtools-v85-4.1.2.jar:C:\Users\bruno\Desktop\selenium-java-4.1.2\selenium-devtools-v95-4.1.2-sources.jar:C:\Users\bruno\Desktop\selenium-java-4.1.2\selenium-devtools-v95-4.1.2.jar:C:\Users\bruno\Desktop\selenium-java-4.1.2\selenium-devtools-v96-4.1.2-sources.jar:C:\Users\bruno\Desktop\selenium-java-4.1.2\selenium-devtools-v96-4.1.2.jar:C:\Users\bruno\Desktop\selenium-java-4.1.2\selenium-devtools-v97-4.1.2-sources.jar:C:\Users\bruno\Desktop\selenium-java-4.1.2\selenium-devtools-v97-4.1.2.jar:C:\Users\bruno\Desktop\selenium-java-4.1.2\selenium-edge-driver-4.1.2-sources.jar:C:\Users\bruno\Desktop\selenium-java-4.1.2\selenium-edge-driver-4.1.2.jar:C:\Users\bruno\Desktop\selenium-java-4.1.2\selenium-firefox-driver-4.1.2-sources.jar:C:\Users\bruno\Desktop\selenium-java-4.1.2\selenium-firefox-driver-4.1.2.jar:C:\Users\bruno\Desktop\selenium-java-4.1.2\selenium-firefox-xpi-driver-4.1.2-sources.jar:C:\Users\bruno\Desktop\selenium-java-4.1.2\selenium-firefox-xpi-driver-4.1.2.jar:C:\Users\bruno\Desktop\selenium-java-4.1.2\selenium-http-4.1.2-sources.jar:C:\Users\bruno\Desktop\selenium-java-4.1.2\selenium-http-4.1.2.jar:C:\Users\bruno\Desktop\selenium-java-4.1.2\selenium-ie-driver-4.1.2-sources.jar:C:\Users\bruno\Desktop\selenium-java-4.1.2\selenium-ie-driver-4.1.2.jar:C:\Users\bruno\Desktop\selenium-java-4.1.2\selenium-java-4.1.2-sources.jar:C:\Users\bruno\Desktop\selenium-java-4.1.2\selenium-java-4.1.2.jar:C:\Users\bruno\Desktop\selenium-java-4.1.2\selenium-json-4.1.2-sources.jar:C:\Users\bruno\Desktop\selenium-java-4.1.2\selenium-json-4.1.2.jar:C:\Users\bruno\Desktop\selenium-java-4.1.2\selenium-opera-driver-4.1.2-sources.jar:C:\Users\bruno\Desktop\selenium-java-4.1.2\selenium-opera-driver-4.1.2.jar:C:\Users\bruno\Desktop\selenium-java-4.1.2\selenium-remote-driver-4.1.2-sources.jar:C:\Users\bruno\Desktop\selenium-java-4.1.2\selenium-remote-driver-4.1.2.jar:C:\Users\bruno\Desktop\selenium-java-4.1.2\selenium-safari-driver-4.1.2-sources.jar:C:\Users\bruno\Desktop\selenium-java-4.1.2\selenium-safari-driver-4.1.2.jar:C:\Users\bruno\Desktop\selenium-java-4.1.2\selenium-support-4.1.2-sources.jar:C:\Users\bruno\Desktop\selenium-java-4.1.2\selenium-support-4.1.2.jar:lib\testLib\async-http-client-2.12.3.jar:lib\testLib\async-http-client-netty-utils-2.12.3.jar:lib\testLib\auto-common-1.2.1.jar:lib\testLib\auto-service-1.0.1.jar:lib\testLib\auto-service-annotations-1.0.1.jar:lib\testLib\byte-buddy-1.12.7.jar:lib\testLib\checker-qual-3.12.0.jar:lib\testLib\commons-exec-1.3.jar:lib\testLib\error_prone_annotations-2.7.1.jar:lib\testLib\failsafe-2.4.4.jar:lib\testLib\failureaccess-1.0.1.jar:lib\testLib\guava-31.0.1-jre.jar:lib\testLib\j2objc-annotations-1.3.jar:lib\testLib\jakarta.activation-1.2.2.jar:lib\testLib\jcommander-1.82.jar:lib\testLib\jsr305-3.0.2.jar:lib\testLib\jtoml-2.0.0.jar:lib\testLib\listenablefuture-9999.0-empty-to-avoid-conflict-with-guava.jar:lib\testLib\netty-buffer-4.1.73.Final.jar:lib\testLib\netty-codec-4.1.73.Final.jar:lib\testLib\netty-codec-http-4.1.73.Final.jar:lib\testLib\netty-codec-socks-4.1.73.Final.jar:lib\testLib\netty-common-4.1.73.Final.jar:lib\testLib\netty-handler-4.1.73.Final.jar:lib\testLib\netty-handler-proxy-4.1.73.Final.jar:lib\testLib\netty-reactive-streams-2.0.4.jar:lib\testLib\netty-resolver-4.1.73.Final.jar:lib\testLib\netty-tcnative-classes-2.0.46.Final.jar:lib\testLib\netty-transport-4.1.73.Final.jar:lib\testLib\netty-transport-classes-epoll-4.1.73.Final.jar:lib\testLib\netty-transport-classes-kqueue-4.1.73.Final.jar:lib\testLib\netty-transport-native-epoll-4.1.73.Final.jar:lib\testLib\netty-transport-native-kqueue-4.1.73.Final.jar:lib\testLib\netty-transport-native-unix-common-4.1.73.Final.jar:lib\testLib\opentelemetry-api-1.10.1.jar:lib\testLib\opentelemetry-context-1.10.1.jar:lib\testLib\opentelemetry-exporter-logging-1.10.1.jar:lib\testLib\opentelemetry-sdk-1.10.1.jar:lib\testLib\opentelemetry-sdk-common-1.10.1.jar:lib\testLib\opentelemetry-sdk-extension-autoconfigure-1.10.1-alpha.jar:lib\testLib\opentelemetry-sdk-extension-autoconfigure-spi-1.10.1.jar:lib\testLib\opentelemetry-sdk-logs-1.10.1-alpha.jar:lib\testLib\opentelemetry-sdk-metrics-1.10.1-alpha.jar:lib\testLib\opentelemetry-sdk-trace-1.10.1.jar:lib\testLib\opentelemetry-semconv-1.10.1-alpha.jar:lib\testLib\reactive-streams-1.0.3.jar:lib\testLib\selenium-api-4.1.2-sources.jar:lib\testLib\selenium-api-4.1.2.jar:lib\testLib\selenium-chrome-driver-4.1.2-sources.jar:lib\testLib\selenium-chrome-driver-4.1.2.jar:lib\testLib\selenium-chromium-driver-4.1.2-sources.jar:lib\testLib\selenium-chromium-driver-4.1.2.jar:lib\testLib\selenium-devtools-v85-4.1.2-sources.jar:lib\testLib\selenium-devtools-v85-4.1.2.jar:lib\testLib\selenium-devtools-v95-4.1.2-sources.jar:lib\testLib\selenium-devtools-v95-4.1.2.jar:lib\testLib\selenium-devtools-v96-4.1.2-sources.jar:lib\testLib\selenium-devtools-v96-4.1.2.jar:lib\testLib\selenium-devtools-v97-4.1.2-sources.jar:lib\testLib\selenium-devtools-v97-4.1.2.jar:lib\testLib\selenium-edge-driver-4.1.2-sources.jar:lib\testLib\selenium-edge-driver-4.1.2.jar:lib\testLib\selenium-firefox-driver-4.1.2-sources.jar:lib\testLib\selenium-firefox-driver-4.1.2.jar:lib\testLib\selenium-firefox-xpi-driver-4.1.2-sources.jar:lib\testLib\selenium-firefox-xpi-driver-4.1.2.jar:lib\testLib\selenium-http-4.1.2-sources.jar:lib\testLib\selenium-http-4.1.2.jar:lib\testLib\selenium-ie-driver-4.1.2-sources.jar:lib\testLib\selenium-ie-driver-4.1.2.jar:lib\testLib\selenium-java-4.1.2-sources.jar:lib\testLib\selenium-java-4.1.2.jar:lib\testLib\selenium-json-4.1.2-sources.jar:lib\testLib\selenium-json-4.1.2.jar:lib\testLib\selenium-opera-driver-4.1.2-sources.jar:lib\testLib\selenium-opera-driver-4.1.2.jar:lib\testLib\selenium-remote-driver-4.1.2-sources.jar:lib\testLib\selenium-remote-driver-4.1.2.jar:lib\testLib\selenium-safari-driver-4.1.2-sources.jar:lib\testLib\selenium-safari-driver-4.1.2.jar:lib\testLib\selenium-support-4.1.2-sources.jar:lib\testLib\selenium-support-4.1.2.jar:lib\testLib\slf4j-api-1.7.35.jar:build/test/classes" />
    <property name="build.meta.inf.dir" value="build/web/META-INF" />
    <property name="file.reference.checker-qual-3.12.0.jar-1" value="lib\testLib\checker-qual-3.12.0.jar" />
    <property name="javadoc.encoding.used" value="UTF-8" />
    <property name="java.class.version" value="55.0" />
    <property name="src.dir" value="src/java" />
    <property name="ant.project.default-target" value="default" />
    <property name="debug.classpath" value="build/web/WEB-INF/classes:C:\Users\bruno\Documents\NetBeansProjects\Forum-JPA-JDBC\lib\cglib-nodep-2.2.2.jar:C:\Users\bruno\Documents\NetBeansProjects\Forum-JPA-JDBC\lib\dbunit-2.5.3.jar:C:\Users\bruno\Documents\NetBeansProjects\Forum-JPA-JDBC\lib\hamcrest-core-1.3.jar:C:\Users\bruno\Documents\NetBeansProjects\Forum-JPA-JDBC\lib\hamcrest-library-1.3.jar:C:\Users\bruno\Documents\NetBeansProjects\Forum-JPA-JDBC\lib\log4j.jar:C:\Users\bruno\Documents\NetBeansProjects\Forum-JPA-JDBC\lib\objenesis-2.1.jar:C:\Users\bruno\Documents\NetBeansProjects\Forum-JPA-JDBC\lib\postgresql-42.3.2.jar:C:\Users\bruno\Documents\NetBeansProjects\Forum-JPA-JDBC\lib\postgresql-9.4.1210.jre6.jar:C:\Users\bruno\Documents\NetBeansProjects\Forum-JPA-JDBC\lib\slf4j-log4j12-1.7.14.jar:lib\postgresql-42.3.2.jar" />
    <property name="file.reference.netty-handler-proxy-4.1.73.Final.jar-1" value="lib\testLib\netty-handler-proxy-4.1.73.Final.jar" />
    <property name="excludes" value="" />
    <property name="web.docbase.dir" value="web" />
    <property name="libs.javaee-api-7.0.src" value="" />
    <property name="libs.junit_4.javadoc" value="C:\Program Files\NetBeans-12.6\netbeans\platform\docs\junit-4.13.2-javadoc.jar" />
    <property name="sun.jnu.encoding" value="Cp1252" />
    <property name="libs.spring-webmvc4.0.src" value="" />
    <property name="sun.java2d.dpiaware" value="true" />
    <property name="libs.jsf20.javadoc" value="C:\Program Files\NetBeans-12.6\netbeans\enterprise\docs\javaee-doc-api.jar" />
    <property name="libs.JAVADB_DRIVER_LABEL.classpath" value="C:\Users\bruno\GlassFish_Server\javadb\lib\derby.jar;C:\Users\bruno\GlassFish_Server\javadb\lib\derbyclient.jar;C:\Users\bruno\GlassFish_Server\javadb\lib\derbynet.jar" />
    <property name="file.reference.async-http-client-netty-utils-2.12.3.jar-1" value="lib\testLib\async-http-client-netty-utils-2.12.3.jar" />
    <property name="netbeans.importclass" value="org.netbeans.upgrade.AutoUpgrade" />
    <property name="file.reference.selenium-devtools-v85-4.1.2.jar" value="C:\Users\bruno\Desktop\selenium-java-4.1.2\selenium-devtools-v85-4.1.2.jar" />
    <property name="file.reference.jsr305-3.0.2.jar" value="C:\Users\bruno\Desktop\selenium-java-4.1.2\lib\jsr305-3.0.2.jar" />
    <property name="netbeans.autoupdate.version" value="1.23" />
    <property name="file.reference.netty-codec-4.1.73.Final.jar" value="C:\Users\bruno\Desktop\selenium-java-4.1.2\lib\netty-codec-4.1.73.Final.jar" />
    <property name="j2ee.platform.is.jsr109" value="true" />
    <property name="empty.dir" value="C:\Users\bruno\Documents\NetBeansProjects\Forum-JPA-JDBC\build\empty" />
    <property name="ant.file.type.Forum-JPA-JDBC-impl" value="file" />
    <property name="file.reference.selenium-java-4.1.2.jar" value="C:\Users\bruno\Desktop\selenium-java-4.1.2\selenium-java-4.1.2.jar" />
    <property name="netbeans.user" value="C:\Users\bruno\AppData\Roaming\NetBeans\12.6" />
    <property name="file.reference.selenium-firefox-xpi-driver-4.1.2-sources.jar" value="C:\Users\bruno\Desktop\selenium-java-4.1.2\selenium-firefox-xpi-driver-4.1.2-sources.jar" />
    <property name="file.separator" value="\" />
    <property name="file.reference.selenium-devtools-v96-4.1.2.jar-1" value="lib\testLib\selenium-devtools-v96-4.1.2.jar" />
    <property name="line.separator" value="&#xd;&#xa;" />
    <property name="file.reference.selenium-devtools-v95-4.1.2.jar" value="C:\Users\bruno\Desktop\selenium-java-4.1.2\selenium-devtools-v95-4.1.2.jar" />
    <property name="javadoc.additionalparam" value="" />
    <property name="file.reference.selenium-support-4.1.2-sources.jar-1" value="lib\testLib\selenium-support-4.1.2-sources.jar" />
    <property name="file.reference.selenium-devtools-v95-4.1.2.jar-1" value="lib\testLib\selenium-devtools-v95-4.1.2.jar" />
    <property name="libs.spring-webmvc5.0.classpath" value="C:\Program Files\NetBeans-12.6\netbeans\java\modules\ext\spring-5\spring-webmvc-5.2.9.RELEASE.jar" />
    <property name="file.reference.netty-reactive-streams-2.0.4.jar-1" value="lib\testLib\netty-reactive-streams-2.0.4.jar" />
    <property name="javac.debug" value="true" />
    <property name="libs.restlib.maven-pom" value="" />
    <property name="libs.testng.classpath" value="C:\Program Files\NetBeans-12.6\netbeans\platform\modules\ext\testng-6.14.3.jar;C:\Program Files\NetBeans-12.6\netbeans\platform\modules\ext\jcommander-1.78.jar" />
    <property name="libs.jsp-compiler.src" value="" />
    <property name="libs.Java-EE-GlassFish-v3-Prelude.src" value="" />
    <property name="user.name" value="bruno" />
    <property name="build.classes.dir" value="build/web/WEB-INF/classes" />
    <property name="j2ee.platform.wsimport.classpath" value="C:/Users/bruno/GlassFish_Server/glassfish/modules/webservices-osgi.jar:C:/Users/bruno/GlassFish_Server/glassfish/modules/webservices-api-osgi.jar:C:/Users/bruno/GlassFish_Server/glassfish/modules/jaxb-osgi.jar" />
    <property name="javadoc.windowtitle" value="" />
    <property name="nb.junit.single" value="false" />
    <property name="nb.internal.action.name" value="test.single" />
    <property name="libs.javaee-api-8.0.maven-pom" value="" />
    <property name="runmain.jvmargs" value="" />
    <property name="file.reference.opentelemetry-context-1.10.1.jar-1" value="lib\testLib\opentelemetry-context-1.10.1.jar" />
    <property name="libs.jaxws21.src" value="" />
    <property name="file.reference.selenium-devtools-v96-4.1.2.jar" value="C:\Users\bruno\Desktop\selenium-java-4.1.2\selenium-devtools-v96-4.1.2.jar" />
    <property name="file.reference.selenium-safari-driver-4.1.2-sources.jar-1" value="lib\testLib\selenium-safari-driver-4.1.2-sources.jar" />
    <property name="file.reference.selenium-opera-driver-4.1.2-sources.jar" value="C:\Users\bruno\Desktop\selenium-java-4.1.2\selenium-opera-driver-4.1.2-sources.jar" />
    <property name="libs.jakartaee-web-api-9.0.javadoc" value="C:\Program Files\NetBeans-12.6\netbeans\enterprise\docs\jakartaee9-doc-api.jar" />
    <property name="file.reference.commons-exec-1.3.jar" value="C:\Users\bruno\Desktop\selenium-java-4.1.2\lib\commons-exec-1.3.jar" />
    <property name="jna.loaded" value="true" />
    <property name="libs.junit_5.maven-pom" value="" />
    <property name="libs.jpa20-persistence.javadoc" value="C:\Program Files\NetBeans-12.6\netbeans\java\modules\ext\docs\javax.persistence-2.2.1-doc.zip" />
    <property name="ant.junit.enabletestlistenerevents" value="true" />
    <property name="libs.JWSAntTasks.src" value="" />
    <property name="ant.home" value="C:\Program Files\NetBeans-12.6\netbeans\extide\ant" />
    <property name="libs.spring-webmvc3.0.src" value="" />
    <property name="have.tests" value="true" />
    <property name="debug.test.classpath" value="C:\Users\bruno\Documents\NetBeansProjects\Forum-JPA-JDBC\lib\cglib-nodep-2.2.2.jar:C:\Users\bruno\Documents\NetBeansProjects\Forum-JPA-JDBC\lib\dbunit-2.5.3.jar:C:\Users\bruno\Documents\NetBeansProjects\Forum-JPA-JDBC\lib\hamcrest-core-1.3.jar:C:\Users\bruno\Documents\NetBeansProjects\Forum-JPA-JDBC\lib\hamcrest-library-1.3.jar:C:\Users\bruno\Documents\NetBeansProjects\Forum-JPA-JDBC\lib\log4j.jar:C:\Users\bruno\Documents\NetBeansProjects\Forum-JPA-JDBC\lib\objenesis-2.1.jar:C:\Users\bruno\Documents\NetBeansProjects\Forum-JPA-JDBC\lib\postgresql-42.3.2.jar:C:\Users\bruno\Documents\NetBeansProjects\Forum-JPA-JDBC\lib\postgresql-9.4.1210.jre6.jar:C:\Users\bruno\Documents\NetBeansProjects\Forum-JPA-JDBC\lib\slf4j-log4j12-1.7.14.jar:lib\postgresql-42.3.2.jar:build/web/WEB-INF/classes:C:\Program Files\NetBeans-12.6\netbeans\platform\modules\ext\junit-4.13.2.jar:C:\Program Files\NetBeans-12.6\netbeans\platform\modules\ext\hamcrest-core-1.3.jar:C:\Users\bruno\Desktop\selenium-java-4.1.2\lib\async-http-client-2.12.3.jar:C:\Users\bruno\Desktop\selenium-java-4.1.2\lib\async-http-client-netty-utils-2.12.3.jar:C:\Users\bruno\Desktop\selenium-java-4.1.2\lib\auto-common-1.2.1.jar:C:\Users\bruno\Desktop\selenium-java-4.1.2\lib\auto-service-1.0.1.jar:C:\Users\bruno\Desktop\selenium-java-4.1.2\lib\auto-service-annotations-1.0.1.jar:C:\Users\bruno\Desktop\selenium-java-4.1.2\lib\byte-buddy-1.12.7.jar:C:\Users\bruno\Desktop\selenium-java-4.1.2\lib\checker-qual-3.12.0.jar:C:\Users\bruno\Desktop\selenium-java-4.1.2\lib\commons-exec-1.3.jar:C:\Users\bruno\Desktop\selenium-java-4.1.2\lib\error_prone_annotations-2.7.1.jar:C:\Users\bruno\Desktop\selenium-java-4.1.2\lib\failsafe-2.4.4.jar:C:\Users\bruno\Desktop\selenium-java-4.1.2\lib\failureaccess-1.0.1.jar:C:\Users\bruno\Desktop\selenium-java-4.1.2\lib\guava-31.0.1-jre.jar:C:\Users\bruno\Desktop\selenium-java-4.1.2\lib\j2objc-annotations-1.3.jar:C:\Users\bruno\Desktop\selenium-java-4.1.2\lib\jakarta.activation-1.2.2.jar:C:\Users\bruno\Desktop\selenium-java-4.1.2\lib\jcommander-1.82.jar:C:\Users\bruno\Desktop\selenium-java-4.1.2\lib\jsr305-3.0.2.jar:C:\Users\bruno\Desktop\selenium-java-4.1.2\lib\jtoml-2.0.0.jar:C:\Users\bruno\Desktop\selenium-java-4.1.2\lib\listenablefuture-9999.0-empty-to-avoid-conflict-with-guava.jar:C:\Users\bruno\Desktop\selenium-java-4.1.2\lib\netty-buffer-4.1.73.Final.jar:C:\Users\bruno\Desktop\selenium-java-4.1.2\lib\netty-codec-4.1.73.Final.jar:C:\Users\bruno\Desktop\selenium-java-4.1.2\lib\netty-codec-http-4.1.73.Final.jar:C:\Users\bruno\Desktop\selenium-java-4.1.2\lib\netty-codec-socks-4.1.73.Final.jar:C:\Users\bruno\Desktop\selenium-java-4.1.2\lib\netty-common-4.1.73.Final.jar:C:\Users\bruno\Desktop\selenium-java-4.1.2\lib\netty-handler-4.1.73.Final.jar:C:\Users\bruno\Desktop\selenium-java-4.1.2\lib\netty-handler-proxy-4.1.73.Final.jar:C:\Users\bruno\Desktop\selenium-java-4.1.2\lib\netty-reactive-streams-2.0.4.jar:C:\Users\bruno\Desktop\selenium-java-4.1.2\lib\netty-resolver-4.1.73.Final.jar:C:\Users\bruno\Desktop\selenium-java-4.1.2\lib\netty-tcnative-classes-2.0.46.Final.jar:C:\Users\bruno\Desktop\selenium-java-4.1.2\lib\netty-transport-4.1.73.Final.jar:C:\Users\bruno\Desktop\selenium-java-4.1.2\lib\netty-transport-classes-epoll-4.1.73.Final.jar:C:\Users\bruno\Desktop\selenium-java-4.1.2\lib\netty-transport-classes-kqueue-4.1.73.Final.jar:C:\Users\bruno\Desktop\selenium-java-4.1.2\lib\netty-transport-native-epoll-4.1.73.Final.jar:C:\Users\bruno\Desktop\selenium-java-4.1.2\lib\netty-transport-native-kqueue-4.1.73.Final.jar:C:\Users\bruno\Desktop\selenium-java-4.1.2\lib\netty-transport-native-unix-common-4.1.73.Final.jar:C:\Users\bruno\Desktop\selenium-java-4.1.2\lib\opentelemetry-api-1.10.1.jar:C:\Users\bruno\Desktop\selenium-java-4.1.2\lib\opentelemetry-context-1.10.1.jar:C:\Users\bruno\Desktop\selenium-java-4.1.2\lib\opentelemetry-exporter-logging-1.10.1.jar:C:\Users\bruno\Desktop\selenium-java-4.1.2\lib\opentelemetry-sdk-1.10.1.jar:C:\Users\bruno\Desktop\selenium-java-4.1.2\lib\opentelemetry-sdk-common-1.10.1.jar:C:\Users\bruno\Desktop\selenium-java-4.1.2\lib\opentelemetry-sdk-extension-autoconfigure-1.10.1-alpha.jar:C:\Users\bruno\Desktop\selenium-java-4.1.2\lib\opentelemetry-sdk-extension-autoconfigure-spi-1.10.1.jar:C:\Users\bruno\Desktop\selenium-java-4.1.2\lib\opentelemetry-sdk-logs-1.10.1-alpha.jar:C:\Users\bruno\Desktop\selenium-java-4.1.2\lib\opentelemetry-sdk-metrics-1.10.1-alpha.jar:C:\Users\bruno\Desktop\selenium-java-4.1.2\lib\opentelemetry-sdk-trace-1.10.1.jar:C:\Users\bruno\Desktop\selenium-java-4.1.2\lib\opentelemetry-semconv-1.10.1-alpha.jar:C:\Users\bruno\Desktop\selenium-java-4.1.2\lib\reactive-streams-1.0.3.jar:C:\Users\bruno\Desktop\selenium-java-4.1.2\lib\slf4j-api-1.7.35.jar:C:\Users\bruno\Desktop\selenium-java-4.1.2\selenium-api-4.1.2-sources.jar:C:\Users\bruno\Desktop\selenium-java-4.1.2\selenium-api-4.1.2.jar:C:\Users\bruno\Desktop\selenium-java-4.1.2\selenium-chrome-driver-4.1.2-sources.jar:C:\Users\bruno\Desktop\selenium-java-4.1.2\selenium-chrome-driver-4.1.2.jar:C:\Users\bruno\Desktop\selenium-java-4.1.2\selenium-chromium-driver-4.1.2-sources.jar:C:\Users\bruno\Desktop\selenium-java-4.1.2\selenium-chromium-driver-4.1.2.jar:C:\Users\bruno\Desktop\selenium-java-4.1.2\selenium-devtools-v85-4.1.2-sources.jar:C:\Users\bruno\Desktop\selenium-java-4.1.2\selenium-devtools-v85-4.1.2.jar:C:\Users\bruno\Desktop\selenium-java-4.1.2\selenium-devtools-v95-4.1.2-sources.jar:C:\Users\bruno\Desktop\selenium-java-4.1.2\selenium-devtools-v95-4.1.2.jar:C:\Users\bruno\Desktop\selenium-java-4.1.2\selenium-devtools-v96-4.1.2-sources.jar:C:\Users\bruno\Desktop\selenium-java-4.1.2\selenium-devtools-v96-4.1.2.jar:C:\Users\bruno\Desktop\selenium-java-4.1.2\selenium-devtools-v97-4.1.2-sources.jar:C:\Users\bruno\Desktop\selenium-java-4.1.2\selenium-devtools-v97-4.1.2.jar:C:\Users\bruno\Desktop\selenium-java-4.1.2\selenium-edge-driver-4.1.2-sources.jar:C:\Users\bruno\Desktop\selenium-java-4.1.2\selenium-edge-driver-4.1.2.jar:C:\Users\bruno\Desktop\selenium-java-4.1.2\selenium-firefox-driver-4.1.2-sources.jar:C:\Users\bruno\Desktop\selenium-java-4.1.2\selenium-firefox-driver-4.1.2.jar:C:\Users\bruno\Desktop\selenium-java-4.1.2\selenium-firefox-xpi-driver-4.1.2-sources.jar:C:\Users\bruno\Desktop\selenium-java-4.1.2\selenium-firefox-xpi-driver-4.1.2.jar:C:\Users\bruno\Desktop\selenium-java-4.1.2\selenium-http-4.1.2-sources.jar:C:\Users\bruno\Desktop\selenium-java-4.1.2\selenium-http-4.1.2.jar:C:\Users\bruno\Desktop\selenium-java-4.1.2\selenium-ie-driver-4.1.2-sources.jar:C:\Users\bruno\Desktop\selenium-java-4.1.2\selenium-ie-driver-4.1.2.jar:C:\Users\bruno\Desktop\selenium-java-4.1.2\selenium-java-4.1.2-sources.jar:C:\Users\bruno\Desktop\selenium-java-4.1.2\selenium-java-4.1.2.jar:C:\Users\bruno\Desktop\selenium-java-4.1.2\selenium-json-4.1.2-sources.jar:C:\Users\bruno\Desktop\selenium-java-4.1.2\selenium-json-4.1.2.jar:C:\Users\bruno\Desktop\selenium-java-4.1.2\selenium-opera-driver-4.1.2-sources.jar:C:\Users\bruno\Desktop\selenium-java-4.1.2\selenium-opera-driver-4.1.2.jar:C:\Users\bruno\Desktop\selenium-java-4.1.2\selenium-remote-driver-4.1.2-sources.jar:C:\Users\bruno\Desktop\selenium-java-4.1.2\selenium-remote-driver-4.1.2.jar:C:\Users\bruno\Desktop\selenium-java-4.1.2\selenium-safari-driver-4.1.2-sources.jar:C:\Users\bruno\Desktop\selenium-java-4.1.2\selenium-safari-driver-4.1.2.jar:C:\Users\bruno\Desktop\selenium-java-4.1.2\selenium-support-4.1.2-sources.jar:C:\Users\bruno\Desktop\selenium-java-4.1.2\selenium-support-4.1.2.jar:lib\testLib\async-http-client-2.12.3.jar:lib\testLib\async-http-client-netty-utils-2.12.3.jar:lib\testLib\auto-common-1.2.1.jar:lib\testLib\auto-service-1.0.1.jar:lib\testLib\auto-service-annotations-1.0.1.jar:lib\testLib\byte-buddy-1.12.7.jar:lib\testLib\checker-qual-3.12.0.jar:lib\testLib\commons-exec-1.3.jar:lib\testLib\error_prone_annotations-2.7.1.jar:lib\testLib\failsafe-2.4.4.jar:lib\testLib\failureaccess-1.0.1.jar:lib\testLib\guava-31.0.1-jre.jar:lib\testLib\j2objc-annotations-1.3.jar:lib\testLib\jakarta.activation-1.2.2.jar:lib\testLib\jcommander-1.82.jar:lib\testLib\jsr305-3.0.2.jar:lib\testLib\jtoml-2.0.0.jar:lib\testLib\listenablefuture-9999.0-empty-to-avoid-conflict-with-guava.jar:lib\testLib\netty-buffer-4.1.73.Final.jar:lib\testLib\netty-codec-4.1.73.Final.jar:lib\testLib\netty-codec-http-4.1.73.Final.jar:lib\testLib\netty-codec-socks-4.1.73.Final.jar:lib\testLib\netty-common-4.1.73.Final.jar:lib\testLib\netty-handler-4.1.73.Final.jar:lib\testLib\netty-handler-proxy-4.1.73.Final.jar:lib\testLib\netty-reactive-streams-2.0.4.jar:lib\testLib\netty-resolver-4.1.73.Final.jar:lib\testLib\netty-tcnative-classes-2.0.46.Final.jar:lib\testLib\netty-transport-4.1.73.Final.jar:lib\testLib\netty-transport-classes-epoll-4.1.73.Final.jar:lib\testLib\netty-transport-classes-kqueue-4.1.73.Final.jar:lib\testLib\netty-transport-native-epoll-4.1.73.Final.jar:lib\testLib\netty-transport-native-kqueue-4.1.73.Final.jar:lib\testLib\netty-transport-native-unix-common-4.1.73.Final.jar:lib\testLib\opentelemetry-api-1.10.1.jar:lib\testLib\opentelemetry-context-1.10.1.jar:lib\testLib\opentelemetry-exporter-logging-1.10.1.jar:lib\testLib\opentelemetry-sdk-1.10.1.jar:lib\testLib\opentelemetry-sdk-common-1.10.1.jar:lib\testLib\opentelemetry-sdk-extension-autoconfigure-1.10.1-alpha.jar:lib\testLib\opentelemetry-sdk-extension-autoconfigure-spi-1.10.1.jar:lib\testLib\opentelemetry-sdk-logs-1.10.1-alpha.jar:lib\testLib\opentelemetry-sdk-metrics-1.10.1-alpha.jar:lib\testLib\opentelemetry-sdk-trace-1.10.1.jar:lib\testLib\opentelemetry-semconv-1.10.1-alpha.jar:lib\testLib\reactive-streams-1.0.3.jar:lib\testLib\selenium-api-4.1.2-sources.jar:lib\testLib\selenium-api-4.1.2.jar:lib\testLib\selenium-chrome-driver-4.1.2-sources.jar:lib\testLib\selenium-chrome-driver-4.1.2.jar:lib\testLib\selenium-chromium-driver-4.1.2-sources.jar:lib\testLib\selenium-chromium-driver-4.1.2.jar:lib\testLib\selenium-devtools-v85-4.1.2-sources.jar:lib\testLib\selenium-devtools-v85-4.1.2.jar:lib\testLib\selenium-devtools-v95-4.1.2-sources.jar:lib\testLib\selenium-devtools-v95-4.1.2.jar:lib\testLib\selenium-devtools-v96-4.1.2-sources.jar:lib\testLib\selenium-devtools-v96-4.1.2.jar:lib\testLib\selenium-devtools-v97-4.1.2-sources.jar:lib\testLib\selenium-devtools-v97-4.1.2.jar:lib\testLib\selenium-edge-driver-4.1.2-sources.jar:lib\testLib\selenium-edge-driver-4.1.2.jar:lib\testLib\selenium-firefox-driver-4.1.2-sources.jar:lib\testLib\selenium-firefox-driver-4.1.2.jar:lib\testLib\selenium-firefox-xpi-driver-4.1.2-sources.jar:lib\testLib\selenium-firefox-xpi-driver-4.1.2.jar:lib\testLib\selenium-http-4.1.2-sources.jar:lib\testLib\selenium-http-4.1.2.jar:lib\testLib\selenium-ie-driver-4.1.2-sources.jar:lib\testLib\selenium-ie-driver-4.1.2.jar:lib\testLib\selenium-java-4.1.2-sources.jar:lib\testLib\selenium-java-4.1.2.jar:lib\testLib\selenium-json-4.1.2-sources.jar:lib\testLib\selenium-json-4.1.2.jar:lib\testLib\selenium-opera-driver-4.1.2-sources.jar:lib\testLib\selenium-opera-driver-4.1.2.jar:lib\testLib\selenium-remote-driver-4.1.2-sources.jar:lib\testLib\selenium-remote-driver-4.1.2.jar:lib\testLib\selenium-safari-driver-4.1.2-sources.jar:lib\testLib\selenium-safari-driver-4.1.2.jar:lib\testLib\selenium-support-4.1.2-sources.jar:lib\testLib\selenium-support-4.1.2.jar:lib\testLib\slf4j-api-1.7.35.jar:build/test/classes" />
    <property name="testng.debug.mode" value="" />
    <property name="javac.target" value="11" />
    <property name="file.reference.selenium-devtools-v96-4.1.2-sources.jar" value="C:\Users\bruno\Desktop\selenium-java-4.1.2\selenium-devtools-v96-4.1.2-sources.jar" />
    <property name="ant.version" value="Apache Ant(TM) version 1.10.8 compiled on May 10 2020" />
    <property name="libs.EclipseLink-GlassFish-v3.javadoc" value="C:\Program Files\NetBeans-12.6\netbeans\enterprise\docs\javaee-doc-api.jar" />
    <property name="libs.absolutelayout.maven-pom" value="" />
    <property name="libs.spring-framework500.src" value="" />
    <property name="file.reference.opentelemetry-sdk-extension-autoconfigure-spi-1.10.1.jar" value="C:\Users\bruno\Desktop\selenium-java-4.1.2\lib\opentelemetry-sdk-extension-autoconfigure-spi-1.10.1.jar" />
    <property name="file.reference.opentelemetry-sdk-extension-autoconfigure-1.10.1-alpha.jar" value="C:\Users\bruno\Desktop\selenium-java-4.1.2\lib\opentelemetry-sdk-extension-autoconfigure-1.10.1-alpha.jar" />
    <property name="user.properties.file" value="C:\Users\bruno\AppData\Roaming\NetBeans\12.6\build.properties" />
    <property name="libs.javaee-api-6.0.src" value="" />
    <property name="file.reference.failureaccess-1.0.1.jar-1" value="lib\testLib\failureaccess-1.0.1.jar" />
    <property name="libs.EclipseLink-GlassFish-v3.maven-pom" value="" />
    <property name="netbeans.autoupdate.country" value="BR" />
    <property name="nb.wait.for.caches" value="true" />
    <property name="file.reference.jakarta.activation-1.2.2.jar-1" value="lib\testLib\jakarta.activation-1.2.2.jar" />
    <property name="persistence.xml.dir" value="src/conf" />
    <property name="java.class.path" value="C:\Users\bruno\Documents\NetBeansProjects\Forum-JPA-JDBC\lib\cglib-nodep-2.2.2.jar;C:\Users\bruno\Documents\NetBeansProjects\Forum-JPA-JDBC\lib\dbunit-2.5.3.jar;C:\Users\bruno\Documents\NetBeansProjects\Forum-JPA-JDBC\lib\hamcrest-core-1.3.jar;C:\Users\bruno\Documents\NetBeansProjects\Forum-JPA-JDBC\lib\hamcrest-library-1.3.jar;C:\Users\bruno\Documents\NetBeansProjects\Forum-JPA-JDBC\lib\log4j.jar;C:\Users\bruno\Documents\NetBeansProjects\Forum-JPA-JDBC\lib\objenesis-2.1.jar;C:\Users\bruno\Documents\NetBeansProjects\Forum-JPA-JDBC\lib\postgresql-42.3.2.jar;C:\Users\bruno\Documents\NetBeansProjects\Forum-JPA-JDBC\lib\postgresql-9.4.1210.jre6.jar;C:\Users\bruno\Documents\NetBeansProjects\Forum-JPA-JDBC\lib\slf4j-log4j12-1.7.14.jar;C:\Users\bruno\Documents\NetBeansProjects\Forum-JPA-JDBC\build\web\WEB-INF\classes;C:\Program Files\NetBeans-12.6\netbeans\platform\modules\ext\junit-4.13.2.jar;C:\Program Files\NetBeans-12.6\netbeans\platform\modules\ext\hamcrest-core-1.3.jar;C:\Users\bruno\Documents\NetBeansProjects\Forum-JPA-JDBC\lib\testLib\async-http-client-2.12.3.jar;C:\Users\bruno\Documents\NetBeansProjects\Forum-JPA-JDBC\lib\testLib\async-http-client-netty-utils-2.12.3.jar;C:\Users\bruno\Documents\NetBeansProjects\Forum-JPA-JDBC\lib\testLib\auto-common-1.2.1.jar;C:\Users\bruno\Documents\NetBeansProjects\Forum-JPA-JDBC\lib\testLib\auto-service-1.0.1.jar;C:\Users\bruno\Documents\NetBeansProjects\Forum-JPA-JDBC\lib\testLib\auto-service-annotations-1.0.1.jar;C:\Users\bruno\Documents\NetBeansProjects\Forum-JPA-JDBC\lib\testLib\byte-buddy-1.12.7.jar;C:\Users\bruno\Documents\NetBeansProjects\Forum-JPA-JDBC\lib\testLib\checker-qual-3.12.0.jar;C:\Users\bruno\Documents\NetBeansProjects\Forum-JPA-JDBC\lib\testLib\commons-exec-1.3.jar;C:\Users\bruno\Documents\NetBeansProjects\Forum-JPA-JDBC\lib\testLib\error_prone_annotations-2.7.1.jar;C:\Users\bruno\Documents\NetBeansProjects\Forum-JPA-JDBC\lib\testLib\failsafe-2.4.4.jar;C:\Users\bruno\Documents\NetBeansProjects\Forum-JPA-JDBC\lib\testLib\failureaccess-1.0.1.jar;C:\Users\bruno\Documents\NetBeansProjects\Forum-JPA-JDBC\lib\testLib\guava-31.0.1-jre.jar;C:\Users\bruno\Documents\NetBeansProjects\Forum-JPA-JDBC\lib\testLib\j2objc-annotations-1.3.jar;C:\Users\bruno\Documents\NetBeansProjects\Forum-JPA-JDBC\lib\testLib\jakarta.activation-1.2.2.jar;C:\Users\bruno\Documents\NetBeansProjects\Forum-JPA-JDBC\lib\testLib\jcommander-1.82.jar;C:\Users\bruno\Documents\NetBeansProjects\Forum-JPA-JDBC\lib\testLib\jsr305-3.0.2.jar;C:\Users\bruno\Documents\NetBeansProjects\Forum-JPA-JDBC\lib\testLib\jtoml-2.0.0.jar;C:\Users\bruno\Documents\NetBeansProjects\Forum-JPA-JDBC\lib\testLib\listenablefuture-9999.0-empty-to-avoid-conflict-with-guava.jar;C:\Users\bruno\Documents\NetBeansProjects\Forum-JPA-JDBC\lib\testLib\netty-buffer-4.1.73.Final.jar;C:\Users\bruno\Documents\NetBeansProjects\Forum-JPA-JDBC\lib\testLib\netty-codec-4.1.73.Final.jar;C:\Users\bruno\Documents\NetBeansProjects\Forum-JPA-JDBC\lib\testLib\netty-codec-http-4.1.73.Final.jar;C:\Users\bruno\Documents\NetBeansProjects\Forum-JPA-JDBC\lib\testLib\netty-codec-socks-4.1.73.Final.jar;C:\Users\bruno\Documents\NetBeansProjects\Forum-JPA-JDBC\lib\testLib\netty-common-4.1.73.Final.jar;C:\Users\bruno\Documents\NetBeansProjects\Forum-JPA-JDBC\lib\testLib\netty-handler-4.1.73.Final.jar;C:\Users\bruno\Documents\NetBeansProjects\Forum-JPA-JDBC\lib\testLib\netty-handler-proxy-4.1.73.Final.jar;C:\Users\bruno\Documents\NetBeansProjects\Forum-JPA-JDBC\lib\testLib\netty-reactive-streams-2.0.4.jar;C:\Users\bruno\Documents\NetBeansProjects\Forum-JPA-JDBC\lib\testLib\netty-resolver-4.1.73.Final.jar;C:\Users\bruno\Documents\NetBeansProjects\Forum-JPA-JDBC\lib\testLib\netty-tcnative-classes-2.0.46.Final.jar;C:\Users\bruno\Documents\NetBeansProjects\Forum-JPA-JDBC\lib\testLib\netty-transport-4.1.73.Final.jar;C:\Users\bruno\Documents\NetBeansProjects\Forum-JPA-JDBC\lib\testLib\netty-transport-classes-epoll-4.1.73.Final.jar;C:\Users\bruno\Documents\NetBeansProjects\Forum-JPA-JDBC\lib\testLib\netty-transport-classes-kqueue-4.1.73.Final.jar;C:\Users\bruno\Documents\NetBeansProjects\Forum-JPA-JDBC\lib\testLib\netty-transport-native-epoll-4.1.73.Final.jar;C:\Users\bruno\Documents\NetBeansProjects\Forum-JPA-JDBC\lib\testLib\netty-transport-native-kqueue-4.1.73.Final.jar;C:\Users\bruno\Documents\NetBeansProjects\Forum-JPA-JDBC\lib\testLib\netty-transport-native-unix-common-4.1.73.Final.jar;C:\Users\bruno\Documents\NetBeansProjects\Forum-JPA-JDBC\lib\testLib\opentelemetry-api-1.10.1.jar;C:\Users\bruno\Documents\NetBeansProjects\Forum-JPA-JDBC\lib\testLib\opentelemetry-context-1.10.1.jar;C:\Users\bruno\Documents\NetBeansProjects\Forum-JPA-JDBC\lib\testLib\opentelemetry-exporter-logging-1.10.1.jar;C:\Users\bruno\Documents\NetBeansProjects\Forum-JPA-JDBC\lib\testLib\opentelemetry-sdk-1.10.1.jar;C:\Users\bruno\Documents\NetBeansProjects\Forum-JPA-JDBC\lib\testLib\opentelemetry-sdk-common-1.10.1.jar;C:\Users\bruno\Documents\NetBeansProjects\Forum-JPA-JDBC\lib\testLib\opentelemetry-sdk-extension-autoconfigure-1.10.1-alpha.jar;C:\Users\bruno\Documents\NetBeansProjects\Forum-JPA-JDBC\lib\testLib\opentelemetry-sdk-extension-autoconfigure-spi-1.10.1.jar;C:\Users\bruno\Documents\NetBeansProjects\Forum-JPA-JDBC\lib\testLib\opentelemetry-sdk-logs-1.10.1-alpha.jar;C:\Users\bruno\Documents\NetBeansProjects\Forum-JPA-JDBC\lib\testLib\opentelemetry-sdk-metrics-1.10.1-alpha.jar;C:\Users\bruno\Documents\NetBeansProjects\Forum-JPA-JDBC\lib\testLib\opentelemetry-sdk-trace-1.10.1.jar;C:\Users\bruno\Documents\NetBeansProjects\Forum-JPA-JDBC\lib\testLib\opentelemetry-semconv-1.10.1-alpha.jar;C:\Users\bruno\Documents\NetBeansProjects\Forum-JPA-JDBC\lib\testLib\reactive-streams-1.0.3.jar;C:\Users\bruno\Documents\NetBeansProjects\Forum-JPA-JDBC\lib\testLib\selenium-api-4.1.2-sources.jar;C:\Users\bruno\Documents\NetBeansProjects\Forum-JPA-JDBC\lib\testLib\selenium-api-4.1.2.jar;C:\Users\bruno\Documents\NetBeansProjects\Forum-JPA-JDBC\lib\testLib\selenium-chrome-driver-4.1.2-sources.jar;C:\Users\bruno\Documents\NetBeansProjects\Forum-JPA-JDBC\lib\testLib\selenium-chrome-driver-4.1.2.jar;C:\Users\bruno\Documents\NetBeansProjects\Forum-JPA-JDBC\lib\testLib\selenium-chromium-driver-4.1.2-sources.jar;C:\Users\bruno\Documents\NetBeansProjects\Forum-JPA-JDBC\lib\testLib\selenium-chromium-driver-4.1.2.jar;C:\Users\bruno\Documents\NetBeansProjects\Forum-JPA-JDBC\lib\testLib\selenium-devtools-v85-4.1.2-sources.jar;C:\Users\bruno\Documents\NetBeansProjects\Forum-JPA-JDBC\lib\testLib\selenium-devtools-v85-4.1.2.jar;C:\Users\bruno\Documents\NetBeansProjects\Forum-JPA-JDBC\lib\testLib\selenium-devtools-v95-4.1.2-sources.jar;C:\Users\bruno\Documents\NetBeansProjects\Forum-JPA-JDBC\lib\testLib\selenium-devtools-v95-4.1.2.jar;C:\Users\bruno\Documents\NetBeansProjects\Forum-JPA-JDBC\lib\testLib\selenium-devtools-v96-4.1.2-sources.jar;C:\Users\bruno\Documents\NetBeansProjects\Forum-JPA-JDBC\lib\testLib\selenium-devtools-v96-4.1.2.jar;C:\Users\bruno\Documents\NetBeansProjects\Forum-JPA-JDBC\lib\testLib\selenium-devtools-v97-4.1.2-sources.jar;C:\Users\bruno\Documents\NetBeansProjects\Forum-JPA-JDBC\lib\testLib\selenium-devtools-v97-4.1.2.jar;C:\Users\bruno\Documents\NetBeansProjects\Forum-JPA-JDBC\lib\testLib\selenium-edge-driver-4.1.2-sources.jar;C:\Users\bruno\Documents\NetBeansProjects\Forum-JPA-JDBC\lib\testLib\selenium-edge-driver-4.1.2.jar;C:\Users\bruno\Documents\NetBeansProjects\Forum-JPA-JDBC\lib\testLib\selenium-firefox-driver-4.1.2-sources.jar;C:\Users\bruno\Documents\NetBeansProjects\Forum-JPA-JDBC\lib\testLib\selenium-firefox-driver-4.1.2.jar;C:\Users\bruno\Documents\NetBeansProjects\Forum-JPA-JDBC\lib\testLib\selenium-firefox-xpi-driver-4.1.2-sources.jar;C:\Users\bruno\Documents\NetBeansProjects\Forum-JPA-JDBC\lib\testLib\selenium-firefox-xpi-driver-4.1.2.jar;C:\Users\bruno\Documents\NetBeansProjects\Forum-JPA-JDBC\lib\testLib\selenium-http-4.1.2-sources.jar;C:\Users\bruno\Documents\NetBeansProjects\Forum-JPA-JDBC\lib\testLib\selenium-http-4.1.2.jar;C:\Users\bruno\Documents\NetBeansProjects\Forum-JPA-JDBC\lib\testLib\selenium-ie-driver-4.1.2-sources.jar;C:\Users\bruno\Documents\NetBeansProjects\Forum-JPA-JDBC\lib\testLib\selenium-ie-driver-4.1.2.jar;C:\Users\bruno\Documents\NetBeansProjects\Forum-JPA-JDBC\lib\testLib\selenium-java-4.1.2-sources.jar;C:\Users\bruno\Documents\NetBeansProjects\Forum-JPA-JDBC\lib\testLib\selenium-java-4.1.2.jar;C:\Users\bruno\Documents\NetBeansProjects\Forum-JPA-JDBC\lib\testLib\selenium-json-4.1.2-sources.jar;C:\Users\bruno\Documents\NetBeansProjects\Forum-JPA-JDBC\lib\testLib\selenium-json-4.1.2.jar;C:\Users\bruno\Documents\NetBeansProjects\Forum-JPA-JDBC\lib\testLib\selenium-opera-driver-4.1.2-sources.jar;C:\Users\bruno\Documents\NetBeansProjects\Forum-JPA-JDBC\lib\testLib\selenium-opera-driver-4.1.2.jar;C:\Users\bruno\Documents\NetBeansProjects\Forum-JPA-JDBC\lib\testLib\selenium-remote-driver-4.1.2-sources.jar;C:\Users\bruno\Documents\NetBeansProjects\Forum-JPA-JDBC\lib\testLib\selenium-remote-driver-4.1.2.jar;C:\Users\bruno\Documents\NetBeansProjects\Forum-JPA-JDBC\lib\testLib\selenium-safari-driver-4.1.2-sources.jar;C:\Users\bruno\Documents\NetBeansProjects\Forum-JPA-JDBC\lib\testLib\selenium-safari-driver-4.1.2.jar;C:\Users\bruno\Documents\NetBeansProjects\Forum-JPA-JDBC\lib\testLib\selenium-support-4.1.2-sources.jar;C:\Users\bruno\Documents\NetBeansProjects\Forum-JPA-JDBC\lib\testLib\selenium-support-4.1.2.jar;C:\Users\bruno\Documents\NetBeansProjects\Forum-JPA-JDBC\lib\testLib\slf4j-api-1.7.35.jar;C:\Users\bruno\Documents\NetBeansProjects\Forum-JPA-JDBC\build\test\classes;C:\Users\bruno\GlassFish_Server\glassfish\modules\jakarta.activation.jar;C:\Users\bruno\GlassFish_Server\glassfish\modules\jakarta.annotation-api.jar;C:\Users\bruno\GlassFish_Server\glassfish\modules\jakarta.authentication-api.jar;C:\Users\bruno\GlassFish_Server\glassfish\modules\jakarta.authorization-api.jar;C:\Users\bruno\GlassFish_Server\glassfish\modules\jakarta.batch-api.jar;C:\Users\bruno\GlassFish_Server\glassfish\modules\jakarta.ejb-api.jar;C:\Users\bruno\GlassFish_Server\glassfish\modules\jakarta.el-api.jar;C:\Users\bruno\GlassFish_Server\glassfish\modules\jakarta.el.jar;C:\Users\bruno\GlassFish_Server\glassfish\modules\jakarta.enterprise.cdi-api.jar;C:\Users\bruno\GlassFish_Server\glassfish\modules\jakarta.enterprise.concurrent-api.jar;C:\Users\bruno\GlassFish_Server\glassfish\modules\jakarta.enterprise.concurrent.jar;C:\Users\bruno\GlassFish_Server\glassfish\modules\jakarta.faces.jar;C:\Users\bruno\GlassFish_Server\glassfish\modules\jakarta.inject-api.jar;C:\Users\bruno\GlassFish_Server\glassfish\modules\jakarta.interceptor-api.jar;C:\Users\bruno\GlassFish_Server\glassfish\modules\jakarta.jms-api.jar;C:\Users\bruno\GlassFish_Server\glassfish\modules\jakarta.json.bind-api.jar;C:\Users\bruno\GlassFish_Server\glassfish\modules\jakarta.json.jar;C:\Users\bruno\GlassFish_Server\glassfish\modules\jakarta.mail.jar;C:\Users\bruno\GlassFish_Server\glassfish\modules\jakarta.mvc-api.jar;C:\Users\bruno\GlassFish_Server\glassfish\modules\jakarta.persistence-api.jar;C:\Users\bruno\GlassFish_Server\glassfish\modules\jakarta.resource-api.jar;C:\Users\bruno\GlassFish_Server\glassfish\modules\jakarta.security.enterprise-api.jar;C:\Users\bruno\GlassFish_Server\glassfish\modules\jakarta.security.enterprise.jar;C:\Users\bruno\GlassFish_Server\glassfish\modules\jakarta.servlet-api.jar;C:\Users\bruno\GlassFish_Server\glassfish\modules\jakarta.servlet.jsp-api.jar;C:\Users\bruno\GlassFish_Server\glassfish\modules\jakarta.servlet.jsp.jstl-api.jar;C:\Users\bruno\GlassFish_Server\glassfish\modules\jakarta.servlet.jsp.jstl.jar;C:\Users\bruno\GlassFish_Server\glassfish\modules\jakarta.transaction-api.jar;C:\Users\bruno\GlassFish_Server\glassfish\modules\jakarta.validation-api.jar;C:\Users\bruno\GlassFish_Server\glassfish\modules\jakarta.websocket-api.jar;C:\Users\bruno\GlassFish_Server\glassfish\modules\jakarta.ws.rs-api.jar;C:\Users\bruno\GlassFish_Server\glassfish\modules\jakarta.xml.bind-api.jar;C:\Users\bruno\GlassFish_Server\glassfish\modules\jaxb-osgi.jar;C:\Users\bruno\GlassFish_Server\glassfish\modules\webservices-osgi.jar;C:\Users\bruno\GlassFish_Server\glassfish\modules\weld-osgi-bundle.jar;C:\Users\bruno\GlassFish_Server\mq\lib\jaxm-api.jar;C:\Users\bruno\GlassFish_Server\glassfish\lib\embedded\glassfish-embedded-static-shell.jar;C:\Program Files\NetBeans-12.6\netbeans\extide\ant\lib\ant-launcher.jar;C:\Program Files\NetBeans-12.6\netbeans\extide\ant\lib\ant.jar;C:\Program Files\NetBeans-12.6\netbeans\extide\ant\lib\ant-junit.jar;C:\Program Files\NetBeans-12.6\netbeans\extide\ant\lib\ant-junit4.jar" />
    <property name="file.reference.selenium-remote-driver-4.1.2.jar-1" value="lib\testLib\selenium-remote-driver-4.1.2.jar" />
    <property name="libs.javaee-web-api-6.0.maven-pom" value="" />
    <property name="file.reference.opentelemetry-semconv-1.10.1-alpha.jar" value="C:\Users\bruno\Desktop\selenium-java-4.1.2\lib\opentelemetry-semconv-1.10.1-alpha.jar" />
    <property name="file.reference.async-http-client-2.12.3.jar" value="C:\Users\bruno\Desktop\selenium-java-4.1.2\lib\async-http-client-2.12.3.jar" />
    <property name="java.vm.vendor" value="Eclipse Foundation" />
    <property name="file.reference.selenium-support-4.1.2-sources.jar" value="C:\Users\bruno\Desktop\selenium-java-4.1.2\selenium-support-4.1.2-sources.jar" />
    <property name="ap.supported.internal" value="true" />
    <property name="file.reference.netty-transport-4.1.73.Final.jar" value="C:\Users\bruno\Desktop\selenium-java-4.1.2\lib\netty-transport-4.1.73.Final.jar" />
    <property name="user.variant" value="" />
    <property name="netbeans.home+have.tests" value="true" />
    <property name="conf.dir" value="src/conf" />
    <property name="test.binaryexcludes" value="" />
    <property name="file.reference.netty-codec-4.1.73.Final.jar-1" value="lib\testLib\netty-codec-4.1.73.Final.jar" />
    <property name="file.reference.selenium-opera-driver-4.1.2-sources.jar-1" value="lib\testLib\selenium-opera-driver-4.1.2-sources.jar" />
    <property name="javac.compilerargs" value="" />
    <property name="libs.jstl.maven-pom" value="" />
    <property name="libs.jakartaee-web-api-8.0.src" value="" />
    <property name="has.custom.manifest" value="true" />
    <property name="file.reference.opentelemetry-sdk-1.10.1.jar-1" value="lib\testLib\opentelemetry-sdk-1.10.1.jar" />
    <property name="sun.cpu.endian" value="little" />
    <property name="libs.jakartaee-api-9.0.src" value="" />
    <property name="libs.junit_4.src" value="C:\Program Files\NetBeans-12.6\netbeans\platform\docs\junit-4.13.2-sources.jar" />
    <property name="user.language" value="pt" />
    <property name="resource.dir" value="setup" />
    <property name="libs.javaee-web-api-6.0.src" value="" />
    <property name="maven.defaultProjectBuilder.disableGlobalModelCache" value="true" />
    <property name="javadoc.nonavbar" value="false" />
    <property name="file.reference.objenesis-2.1.jar" value="C:\Users\bruno\Documents\NetBeansProjects\Forum-JPA-JDBC\lib\objenesis-2.1.jar" />
    <property name="file.reference.error_prone_annotations-2.7.1.jar" value="C:\Users\bruno\Desktop\selenium-java-4.1.2\lib\error_prone_annotations-2.7.1.jar" />
    <property name="libs.javaee-api-8.0.src" value="" />
    <property name="file.reference.selenium-devtools-v85-4.1.2.jar-1" value="lib\testLib\selenium-devtools-v85-4.1.2.jar" />
    <property name="file.reference.selenium-chromium-driver-4.1.2-sources.jar-1" value="lib\testLib\selenium-chromium-driver-4.1.2-sources.jar" />
    <property name="ant.file.Forum-JPA-JDBC" value="C:\Users\bruno\Documents\NetBeansProjects\Forum-JPA-JDBC\build.xml" />
    <property name="ant.java.version" value="11" />
    <property name="file.reference.netty-codec-http-4.1.73.Final.jar-1" value="lib\testLib\netty-codec-http-4.1.73.Final.jar" />
    <property name="libs.junit_4.classpath" value="C:\Program Files\NetBeans-12.6\netbeans\platform\modules\ext\junit-4.13.2.jar" />
    <property name="file.reference.netty-transport-classes-epoll-4.1.73.Final.jar-1" value="lib\testLib\netty-transport-classes-epoll-4.1.73.Final.jar" />
    <property name="libs.jakartaee-api-9.0.javadoc" value="C:\Program Files\NetBeans-12.6\netbeans\enterprise\docs\jakartaee9-doc-api.jar" />
    <property name="libs.EclipseLink-GlassFish-v3.classpath" value="C:\Users\bruno\GlassFish_Server\glassfish\modules\org.eclipse.persistence.asm.jar;C:\Users\bruno\GlassFish_Server\glassfish\modules\org.eclipse.persistence.core.jar;C:\Users\bruno\GlassFish_Server\glassfish\modules\org.eclipse.persistence.dbws.jar;C:\Users\bruno\GlassFish_Server\glassfish\modules\org.eclipse.persistence.jpa.jar;C:\Users\bruno\GlassFish_Server\glassfish\modules\org.eclipse.persistence.jpa.jpql.jar;C:\Users\bruno\GlassFish_Server\glassfish\modules\org.eclipse.persistence.jpa.modelgen.processor.jar;C:\Users\bruno\GlassFish_Server\glassfish\modules\org.eclipse.persistence.moxy.jar;C:\Users\bruno\GlassFish_Server\glassfish\modules\org.eclipse.persistence.oracle.jar" />
    <property name="dist.war" value="dist/Forum-JPA-JDBC.war" />
    <property name="war.content.additional" value="" />
    <property name="file.reference.dbunit-2.5.3.jar" value="C:\Users\bruno\Documents\NetBeansProjects\Forum-JPA-JDBC\lib\dbunit-2.5.3.jar" />
    <property name="test.binarytestincludes" value="" />
    <property name="sun.awt.keepWorkingSetOnMinimize" value="true" />
    <property name="libs.spring-webmvc5.0.maven-pom" value="" />
    <property name="libs.junit_4.maven-pom" value="" />
    <property name="file.reference.netty-common-4.1.73.Final.jar-1" value="lib\testLib\netty-common-4.1.73.Final.jar" />
    <property name="libs.jsp-compiler.maven-pom" value="" />
    <property name="libs.jakartaee-web-api-8.0.classpath" value="C:\Program Files\NetBeans-12.6\netbeans\enterprise\modules\ext\jakarta.jakartaee-web-api-8.0.0.jar" />
    <property name="javac.classpath" value="C:\Users\bruno\Documents\NetBeansProjects\Forum-JPA-JDBC\lib\cglib-nodep-2.2.2.jar:C:\Users\bruno\Documents\NetBeansProjects\Forum-JPA-JDBC\lib\dbunit-2.5.3.jar:C:\Users\bruno\Documents\NetBeansProjects\Forum-JPA-JDBC\lib\hamcrest-core-1.3.jar:C:\Users\bruno\Documents\NetBeansProjects\Forum-JPA-JDBC\lib\hamcrest-library-1.3.jar:C:\Users\bruno\Documents\NetBeansProjects\Forum-JPA-JDBC\lib\log4j.jar:C:\Users\bruno\Documents\NetBeansProjects\Forum-JPA-JDBC\lib\objenesis-2.1.jar:C:\Users\bruno\Documents\NetBeansProjects\Forum-JPA-JDBC\lib\postgresql-42.3.2.jar:C:\Users\bruno\Documents\NetBeansProjects\Forum-JPA-JDBC\lib\postgresql-9.4.1210.jre6.jar:C:\Users\bruno\Documents\NetBeansProjects\Forum-JPA-JDBC\lib\slf4j-log4j12-1.7.14.jar:lib\postgresql-42.3.2.jar" />
    <property name="file.reference.selenium-ie-driver-4.1.2.jar" value="C:\Users\bruno\Desktop\selenium-java-4.1.2\selenium-ie-driver-4.1.2.jar" />
    <property name="file.reference.auto-service-1.0.1.jar" value="C:\Users\bruno\Desktop\selenium-java-4.1.2\lib\auto-service-1.0.1.jar" />
    <property name="file.reference.selenium-firefox-driver-4.1.2-sources.jar" value="C:\Users\bruno\Desktop\selenium-java-4.1.2\selenium-firefox-driver-4.1.2-sources.jar" />
    <property name="nb.junit.batch" value="true" />
    <property name="libs.JAVADB_DRIVER_LABEL.maven-pom" value="" />
    <property name="build.test.classes.dir" value="build/test/classes" />
    <property name="file.reference.auto-common-1.2.1.jar-1" value="lib\testLib\auto-common-1.2.1.jar" />
    <property name="libs.spring-framework300.maven-pom" value="" />
    <property name="ant.project.invoked-targets" value="test" />
    <property name="libs.jstl.classpath" value="C:\Program Files\NetBeans-12.6\netbeans\enterprise\modules\ext\jstl-impl.jar;C:\Program Files\NetBeans-12.6\netbeans\enterprise\modules\ext\jstl-api.jar" />
    <property name="file.reference.jcommander-1.82.jar-1" value="lib\testLib\jcommander-1.82.jar" />
    <property name="ap.cmd.line.internal" value="" />
    <property name="libs.Selenium.classpath" value="C:\Users\bruno\Desktop\selenium-java-4.1.2" />
    <property name="client.urlPart" value="" />
    <property name="libs.PostgreSQLDriver.src" value="" />
    <property name="java.vendor.url.bug" value="https://github.com/adoptium/adoptium-support/issues" />
    <property name="annotation.processing.source.output" value="build/generated-sources/ap-source-output" />
    <property name="libs.Selenium.javadoc" value="" />
    <property name="file.reference.selenium-devtools-v97-4.1.2-sources.jar" value="C:\Users\bruno\Desktop\selenium-java-4.1.2\selenium-devtools-v97-4.1.2-sources.jar" />
    <property name="user.dir" value="C:\Users\bruno\Documents\NetBeansProjects\Forum-JPA-JDBC" />
    <property name="libs.javaee-endorsed-api-6.0.maven-pom" value="" />
    <property name="no.dist.ear.dir" value="true" />
    <property name="org.xml.sax.driver" value="com.sun.org.apache.xerces.internal.jaxp.SAXParserImpl$JAXPSAXParser" />
    <property name="libs.jakartaee-web-api-8.0.maven-pom" value="" />
    <property name="file.reference.selenium-chromium-driver-4.1.2.jar" value="C:\Users\bruno\Desktop\selenium-java-4.1.2\selenium-chromium-driver-4.1.2.jar" />
    <property name="libs.eclipselink.src" value="" />
    <property name="file.reference.async-http-client-netty-utils-2.12.3.jar" value="C:\Users\bruno\Desktop\selenium-java-4.1.2\lib\async-http-client-netty-utils-2.12.3.jar" />
    <property name="java.vm.version" value="11.0.12+7" />
    <property name="libs.metro.javadoc" value="C:\Program Files\NetBeans-12.6\netbeans\enterprise\docs\webservices-api-javadoc.jar;C:\Program Files\NetBeans-12.6\netbeans\enterprise\docs\webservices-extra-javadoc.jar;C:\Program Files\NetBeans-12.6\netbeans\enterprise\docs\webservices-extra-api-javadoc.jar;C:\Program Files\NetBeans-12.6\netbeans\enterprise\docs\webservices-rt-javadoc.jar;C:\Program Files\NetBeans-12.6\netbeans\enterprise\docs\webservices-tools-javadoc.jar" />
    <property name="libs.jakartaee-web-api-9.0.src" value="" />
    <property name="file.reference.netty-codec-socks-4.1.73.Final.jar" value="C:\Users\bruno\Desktop\selenium-java-4.1.2\lib\netty-codec-socks-4.1.73.Final.jar" />
    <property name="sun.awt.datatransfer.timeout" value="1000" />
    <property name="file.reference.opentelemetry-exporter-logging-1.10.1.jar-1" value="lib\testLib\opentelemetry-exporter-logging-1.10.1.jar" />
    <property name="libs.jsp-compiler.classpath" value="C:\Program Files\NetBeans-12.6\netbeans\enterprise\ant\extra\jspcompile.jar" />
    <property name="libs.javaee-web-api-7.0.src" value="" />
    <property name="war.name" value="Forum-JPA-JDBC.war" />
    <property name="annotation.processing.run.all.processors" value="true" />
    <property name="libs.jakartaee-api-8.0.src" value="" />
    <property name="file.reference.selenium-devtools-v97-4.1.2.jar" value="C:\Users\bruno\Desktop\selenium-java-4.1.2\selenium-devtools-v97-4.1.2.jar" />
    <property name="file.reference.postgresql-42.3.2.jar-1" value="lib\postgresql-42.3.2.jar" />
    <property name="libs.javaee-endorsed-api-6.0.classpath" value="C:\Program Files\NetBeans-12.6\netbeans\enterprise\modules\ext\javaee6-endorsed\javax.annotation.jar;C:\Program Files\NetBeans-12.6\netbeans\enterprise\modules\ext\javaee6-endorsed\jaxb-api-osgi.jar;C:\Program Files\NetBeans-12.6\netbeans\enterprise\modules\ext\javaee6-endorsed\webservices-api-osgi.jar" />
  </properties>
  <testcase classname="LogarTest" name="logar" time="3.797" />
  <system-out><![CDATA[]]></system-out>
  <system-err><![CDATA[log4j:WARN No appenders could be found for logger (io.netty.util.internal.logging.InternalLoggerFactory).
log4j:WARN Please initialize the log4j system properly.
Starting ChromeDriver 98.0.4758.80 (7f0488e8ba0d8e019187c6325a16c29d9b7f4989-refs/branch-heads/4758@{#972}) on port 56119
Only local connections are allowed.
Please see https://chromedriver.chromium.org/security-considerations for suggestions on keeping ChromeDriver safe.
ChromeDriver was started successfully.
fev 22, 2022 6:18:21 PM org.openqa.selenium.remote.ProtocolHandshake createSession
INFORMAÇÕES: Detected dialect: W3C
fev 22, 2022 6:18:21 PM org.openqa.selenium.devtools.CdpVersionFinder findNearestMatch
ADVERTÊNCIA: Unable to find an exact match for CDP version 98, so returning the closest version found: 97
fev 22, 2022 6:18:21 PM org.openqa.selenium.devtools.CdpVersionFinder findNearestMatch
INFORMAÇÕES: Found CDP implementation for version 98 of 97
]]></system-err>
</testsuite>
